{"meta": {"format": 3, "version": "7.10.1", "timestamp": "2025-08-17T15:56:50.533807", "branch_coverage": false, "show_contexts": false}, "files": {"analyse_couverture_tests_ado.py": {"executed_lines": [], "summary": {"covered_lines": 0, "num_statements": 199, "percent_covered": 0.0, "percent_covered_display": "0", "missing_lines": 199, "excluded_lines": 2}, "missing_lines": [7, 8, 9, 10, 12, 15, 16, 27, 71, 84, 86, 88, 90, 97, 98, 99, 101, 102, 104, 105, 107, 109, 112, 113, 114, 115, 116, 117, 118, 119, 120, 121, 123, 125, 127, 129, 130, 131, 132, 134, 135, 136, 137, 139, 142, 143, 144, 145, 146, 148, 155, 157, 159, 161, 169, 170, 172, 173, 175, 181, 183, 185, 186, 188, 189, 190, 191, 192, 193, 195, 197, 199, 201, 202, 204, 211, 213, 216, 218, 219, 220, 221, 222, 223, 224, 225, 226, 227, 228, 229, 230, 231, 232, 233, 234, 235, 236, 237, 238, 239, 240, 241, 242, 243, 244, 245, 246, 247, 248, 249, 250, 251, 252, 254, 256, 258, 259, 260, 261, 262, 263, 265, 267, 269, 271, 272, 273, 274, 275, 276, 277, 278, 279, 280, 281, 282, 283, 284, 285, 286, 287, 288, 289, 290, 291, 292, 294, 296, 298, 301, 302, 303, 306, 307, 308, 311, 316, 317, 318, 319, 321, 323, 325, 326, 328, 329, 331, 333, 334, 335, 337, 339, 340, 341, 342, 344, 345, 346, 347, 349, 350, 351, 352, 354, 356, 358, 360, 361, 362, 363, 364, 366, 367, 369, 371, 373, 374, 376, 377], "excluded_lines": [379, 380], "functions": {"TestCoverageAnalyzer.__init__": {"executed_lines": [], "summary": {"covered_lines": 0, "num_statements": 3, "percent_covered": 0.0, "percent_covered_display": "0", "missing_lines": 3, "excluded_lines": 0}, "missing_lines": [16, 27, 71], "excluded_lines": []}, "TestCoverageAnalyzer.run_test_coverage": {"executed_lines": [], "summary": {"covered_lines": 0, "num_statements": 10, "percent_covered": 0.0, "percent_covered_display": "0", "missing_lines": 10, "excluded_lines": 0}, "missing_lines": [86, 88, 90, 97, 98, 99, 101, 102, 104, 105], "excluded_lines": []}, "TestCoverageAnalyzer.analyze_coverage_output": {"executed_lines": [], "summary": {"covered_lines": 0, "num_statements": 12, "percent_covered": 0.0, "percent_covered_display": "0", "missing_lines": 12, "excluded_lines": 0}, "missing_lines": [109, 112, 113, 114, 115, 116, 117, 118, 119, 120, 121, 123], "excluded_lines": []}, "TestCoverageAnalyzer.analyze_test_files": {"executed_lines": [], "summary": {"covered_lines": 0, "num_statements": 17, "percent_covered": 0.0, "percent_covered_display": "0", "missing_lines": 17, "excluded_lines": 0}, "missing_lines": [127, 129, 130, 131, 132, 134, 135, 136, 137, 139, 142, 143, 144, 145, 146, 148, 155], "excluded_lines": []}, "TestCoverageAnalyzer.analyze_critical_features": {"executed_lines": [], "summary": {"covered_lines": 0, "num_statements": 8, "percent_covered": 0.0, "percent_covered_display": "0", "missing_lines": 8, "excluded_lines": 0}, "missing_lines": [159, 161, 169, 170, 172, 173, 175, 181], "excluded_lines": []}, "TestCoverageAnalyzer.find_tests_for_module": {"executed_lines": [], "summary": {"covered_lines": 0, "num_statements": 9, "percent_covered": 0.0, "percent_covered_display": "0", "missing_lines": 9, "excluded_lines": 0}, "missing_lines": [185, 186, 188, 189, 190, 191, 192, 193, 195], "excluded_lines": []}, "TestCoverageAnalyzer.evaluate_teen_experience_coverage": {"executed_lines": [], "summary": {"covered_lines": 0, "num_statements": 5, "percent_covered": 0.0, "percent_covered_display": "0", "missing_lines": 5, "excluded_lines": 0}, "missing_lines": [199, 201, 202, 204, 211], "excluded_lines": []}, "TestCoverageAnalyzer.calculate_aspect_coverage": {"executed_lines": [], "summary": {"covered_lines": 0, "num_statements": 37, "percent_covered": 0.0, "percent_covered_display": "0", "missing_lines": 37, "excluded_lines": 0}, "missing_lines": [216, 218, 219, 220, 221, 222, 223, 224, 225, 226, 227, 228, 229, 230, 231, 232, 233, 234, 235, 236, 237, 238, 239, 240, 241, 242, 243, 244, 245, 246, 247, 248, 249, 250, 251, 252, 254], "excluded_lines": []}, "TestCoverageAnalyzer.get_coverage_status": {"executed_lines": [], "summary": {"covered_lines": 0, "num_statements": 7, "percent_covered": 0.0, "percent_covered_display": "0", "missing_lines": 7, "excluded_lines": 0}, "missing_lines": [258, 259, 260, 261, 262, 263, 265], "excluded_lines": []}, "TestCoverageAnalyzer.get_aspect_recommendations": {"executed_lines": [], "summary": {"covered_lines": 0, "num_statements": 24, "percent_covered": 0.0, "percent_covered_display": "0", "missing_lines": 24, "excluded_lines": 0}, "missing_lines": [269, 271, 272, 273, 274, 275, 276, 277, 278, 279, 280, 281, 282, 283, 284, 285, 286, 287, 288, 289, 290, 291, 292, 294], "excluded_lines": []}, "TestCoverageAnalyzer.generate_recommendations": {"executed_lines": [], "summary": {"covered_lines": 0, "num_statements": 12, "percent_covered": 0.0, "percent_covered_display": "0", "missing_lines": 12, "excluded_lines": 0}, "missing_lines": [298, 301, 302, 303, 306, 307, 308, 311, 316, 317, 318, 319], "excluded_lines": []}, "TestCoverageAnalyzer.save_analysis_report": {"executed_lines": [], "summary": {"covered_lines": 0, "num_statements": 5, "percent_covered": 0.0, "percent_covered_display": "0", "missing_lines": 5, "excluded_lines": 0}, "missing_lines": [323, 325, 326, 328, 329], "excluded_lines": []}, "TestCoverageAnalyzer.print_summary": {"executed_lines": [], "summary": {"covered_lines": 0, "num_statements": 17, "percent_covered": 0.0, "percent_covered_display": "0", "missing_lines": 17, "excluded_lines": 0}, "missing_lines": [333, 334, 335, 337, 339, 340, 341, 342, 344, 345, 346, 347, 349, 350, 351, 352, 354], "excluded_lines": []}, "TestCoverageAnalyzer.run_full_analysis": {"executed_lines": [], "summary": {"covered_lines": 0, "num_statements": 9, "percent_covered": 0.0, "percent_covered_display": "0", "missing_lines": 9, "excluded_lines": 0}, "missing_lines": [358, 360, 361, 362, 363, 364, 366, 367, 369], "excluded_lines": []}, "main": {"executed_lines": [], "summary": {"covered_lines": 0, "num_statements": 4, "percent_covered": 0.0, "percent_covered_display": "0", "missing_lines": 4, "excluded_lines": 0}, "missing_lines": [373, 374, 376, 377], "excluded_lines": []}, "": {"executed_lines": [], "summary": {"covered_lines": 0, "num_statements": 20, "percent_covered": 0.0, "percent_covered_display": "0", "missing_lines": 20, "excluded_lines": 2}, "missing_lines": [7, 8, 9, 10, 12, 15, 84, 107, 125, 157, 183, 197, 213, 256, 267, 296, 321, 331, 356, 371], "excluded_lines": [379, 380]}}, "classes": {"TestCoverageAnalyzer": {"executed_lines": [], "summary": {"covered_lines": 0, "num_statements": 175, "percent_covered": 0.0, "percent_covered_display": "0", "missing_lines": 175, "excluded_lines": 0}, "missing_lines": [16, 27, 71, 86, 88, 90, 97, 98, 99, 101, 102, 104, 105, 109, 112, 113, 114, 115, 116, 117, 118, 119, 120, 121, 123, 127, 129, 130, 131, 132, 134, 135, 136, 137, 139, 142, 143, 144, 145, 146, 148, 155, 159, 161, 169, 170, 172, 173, 175, 181, 185, 186, 188, 189, 190, 191, 192, 193, 195, 199, 201, 202, 204, 211, 216, 218, 219, 220, 221, 222, 223, 224, 225, 226, 227, 228, 229, 230, 231, 232, 233, 234, 235, 236, 237, 238, 239, 240, 241, 242, 243, 244, 245, 246, 247, 248, 249, 250, 251, 252, 254, 258, 259, 260, 261, 262, 263, 265, 269, 271, 272, 273, 274, 275, 276, 277, 278, 279, 280, 281, 282, 283, 284, 285, 286, 287, 288, 289, 290, 291, 292, 294, 298, 301, 302, 303, 306, 307, 308, 311, 316, 317, 318, 319, 323, 325, 326, 328, 329, 333, 334, 335, 337, 339, 340, 341, 342, 344, 345, 346, 347, 349, 350, 351, 352, 354, 358, 360, 361, 362, 363, 364, 366, 367, 369], "excluded_lines": []}, "": {"executed_lines": [], "summary": {"covered_lines": 0, "num_statements": 24, "percent_covered": 0.0, "percent_covered_display": "0", "missing_lines": 24, "excluded_lines": 2}, "missing_lines": [7, 8, 9, 10, 12, 15, 84, 107, 125, 157, 183, 197, 213, 256, 267, 296, 321, 331, 356, 371, 373, 374, 376, 377], "excluded_lines": [379, 380]}}}, "app.py": {"executed_lines": [1, 2, 3, 4, 5, 7, 9, 10, 11, 12, 13, 14, 18, 21, 22], "summary": {"covered_lines": 15, "num_statements": 729, "percent_covered": 2.05761316872428, "percent_covered_display": "2", "missing_lines": 714, "excluded_lines": 15}, "missing_lines": [23, 26, 27, 28, 29, 32, 36, 37, 39, 40, 41, 42, 45, 48, 49, 50, 53, 54, 55, 56, 57, 58, 62, 101, 102, 103, 106, 107, 115, 116, 126, 127, 129, 130, 131, 133, 159, 160, 162, 163, 166, 167, 169, 170, 171, 174, 176, 179, 181, 184, 186, 187, 188, 189, 190, 192, 193, 194, 197, 199, 200, 201, 202, 203, 206, 208, 209, 210, 211, 212, 215, 217, 218, 219, 220, 221, 224, 226, 227, 228, 229, 230, 233, 235, 236, 237, 238, 239, 240, 241, 246, 249, 251, 252, 253, 254, 255, 256, 259, 261, 262, 263, 264, 271, 274, 276, 277, 279, 280, 288, 289, 297, 298, 299, 300, 301, 302, 309, 312, 313, 314, 317, 318, 319, 322, 323, 325, 328, 329, 330, 333, 334, 335, 336, 339, 340, 341, 342, 345, 346, 348, 349, 352, 353, 355, 356, 359, 360, 362, 363, 366, 367, 369, 370, 376, 377, 378, 381, 382, 383, 384, 385, 387, 390, 391, 392, 395, 396, 410, 413, 414, 427, 430, 431, 444, 445, 459, 460, 461, 474, 477, 479, 480, 481, 482, 483, 484, 498, 499, 501, 504, 507, 512, 513, 514, 515, 516, 517, 520, 521, 522, 523, 524, 525, 527, 528, 529, 531, 534, 535, 537, 540, 541, 543, 544, 545, 547, 550, 551, 553, 554, 557, 576, 577, 578, 579, 597, 600, 627, 633, 634, 635, 636, 638, 639, 640, 641, 642, 643, 644, 645, 648, 649, 651, 652, 654, 655, 656, 657, 658, 661, 662, 664, 665, 667, 668, 669, 670, 672, 673, 674, 677, 678, 680, 681, 683, 684, 685, 686, 687, 689, 690, 691, 694, 695, 697, 698, 700, 701, 702, 703, 704, 705, 708, 709, 711, 712, 715, 716, 717, 718, 721, 731, 732, 733, 744, 745, 759, 766, 767, 770, 771, 773, 776, 777, 779, 780, 781, 782, 785, 812, 813, 814, 817, 818, 820, 821, 823, 824, 825, 826, 827, 828, 831, 832, 834, 835, 837, 838, 839, 840, 842, 843, 844, 847, 848, 850, 851, 853, 854, 855, 856, 858, 859, 860, 861, 864, 865, 867, 868, 870, 871, 872, 873, 875, 876, 877, 878, 881, 882, 884, 886, 887, 888, 889, 892, 921, 922, 923, 926, 927, 929, 930, 931, 935, 953, 954, 955, 956, 957, 958, 959, 960, 961, 963, 964, 965, 968, 969, 971, 972, 973, 976, 982, 983, 984, 990, 991, 993, 994, 998, 1000, 1008, 1009, 1010, 1011, 1019, 1020, 1021, 1024, 1025, 1027, 1028, 1032, 1034, 1041, 1042, 1044, 1052, 1053, 1056, 1057, 1059, 1061, 1073, 1080, 1081, 1087, 1088, 1090, 1091, 1093, 1094, 1095, 1097, 1098, 1099, 1100, 1103, 1104, 1106, 1107, 1109, 1110, 1111, 1112, 1114, 1115, 1116, 1119, 1120, 1122, 1123, 1125, 1126, 1127, 1128, 1129, 1131, 1132, 1134, 1135, 1136, 1137, 1140, 1141, 1143, 1144, 1146, 1147, 1148, 1149, 1150, 1152, 1153, 1156, 1157, 1160, 1161, 1162, 1163, 1166, 1167, 1169, 1170, 1172, 1173, 1174, 1175, 1177, 1178, 1180, 1181, 1182, 1183, 1186, 1187, 1189, 1190, 1192, 1193, 1194, 1196, 1197, 1198, 1199, 1202, 1203, 1205, 1206, 1208, 1209, 1210, 1212, 1213, 1214, 1215, 1218, 1219, 1221, 1222, 1224, 1225, 1226, 1227, 1228, 1231, 1232, 1234, 1235, 1237, 1238, 1239, 1240, 1241, 1244, 1245, 1247, 1248, 1250, 1251, 1252, 1253, 1254, 1257, 1258, 1260, 1261, 1263, 1264, 1265, 1266, 1267, 1268, 1274, 1275, 1277, 1294, 1300, 1301, 1303, 1304, 1305, 1306, 1310, 1311, 1313, 1314, 1316, 1317, 1319, 1320, 1321, 1324, 1325, 1327, 1328, 1329, 1331, 1332, 1334, 1336, 1339, 1340, 1342, 1343, 1344, 1347, 1348, 1350, 1351, 1352, 1353, 1355, 1356, 1365, 1367, 1368, 1378, 1387, 1388, 1391, 1392, 1394, 1396, 1409, 1410, 1411, 1414, 1415, 1417, 1419, 1422, 1423, 1424, 1427, 1428, 1430, 1432, 1440, 1441, 1442, 1448, 1449, 1451, 1452, 1454, 1455, 1456, 1458, 1459, 1462, 1463, 1466, 1467, 1468, 1469, 1470, 1472, 1473, 1481, 1482, 1483, 1486, 1487, 1489, 1490, 1492, 1493, 1494, 1496, 1498, 1499, 1500, 1503, 1504, 1506, 1507, 1509, 1510, 1512, 1513, 1514, 1517, 1518, 1520, 1521, 1523, 1524, 1525, 1527, 1528, 1530, 1532, 1533, 1534, 1537, 1538, 1540, 1541, 1543, 1544, 1546, 1549, 1550, 1554, 1555, 1557, 1558, 1560, 1561, 1563, 1564, 1565, 1567, 1568, 1571, 1600, 1601, 1605, 1606, 1608, 1610, 1611, 1612, 1614, 1632, 1633, 1646, 1647, 1649, 1650, 1662, 1663], "excluded_lines": [1671, 1673, 1674, 1675, 1676, 1677, 1678, 1679, 1680, 1682, 1683, 1684, 1685, 1686, 1688], "functions": {"add_security_headers": {"executed_lines": [], "summary": {"covered_lines": 0, "num_statements": 8, "percent_covered": 0.0, "percent_covered_display": "0", "missing_lines": 8, "excluded_lines": 0}, "missing_lines": [39, 40, 41, 42, 45, 48, 49, 50], "excluded_lines": []}, "add_cache_headers": {"executed_lines": [], "summary": {"covered_lines": 0, "num_statements": 4, "percent_covered": 0.0, "percent_covered_display": "0", "missing_lines": 4, "excluded_lines": 0}, "missing_lines": [55, 56, 57, 58], "excluded_lines": []}, "charger_profil": {"executed_lines": [], "summary": {"covered_lines": 0, "num_statements": 12, "percent_covered": 0.0, "percent_covered_display": "0", "missing_lines": 12, "excluded_lines": 0}, "missing_lines": [102, 103, 106, 107, 115, 116, 126, 127, 129, 130, 131, 133], "excluded_lines": []}, "sauvegarder_profil": {"executed_lines": [], "summary": {"covered_lines": 0, "num_statements": 8, "percent_covered": 0.0, "percent_covered_display": "0", "missing_lines": 8, "excluded_lines": 0}, "missing_lines": [160, 162, 163, 166, 167, 169, 170, 171], "excluded_lines": []}, "analyser_personnalite": {"executed_lines": [], "summary": {"covered_lines": 0, "num_statements": 1, "percent_covered": 0.0, "percent_covered_display": "0", "missing_lines": 1, "excluded_lines": 0}, "missing_lines": [176], "excluded_lines": []}, "generer_mission_personnalisee": {"executed_lines": [], "summary": {"covered_lines": 0, "num_statements": 1, "percent_covered": 0.0, "percent_covered_display": "0", "missing_lines": 1, "excluded_lines": 0}, "missing_lines": [181], "excluded_lines": []}, "charger_ascii_art": {"executed_lines": [], "summary": {"covered_lines": 0, "num_statements": 8, "percent_covered": 0.0, "percent_covered_display": "0", "missing_lines": 8, "excluded_lines": 0}, "missing_lines": [186, 187, 188, 189, 190, 192, 193, 194], "excluded_lines": []}, "charger_badges": {"executed_lines": [], "summary": {"covered_lines": 0, "num_statements": 5, "percent_covered": 0.0, "percent_covered_display": "0", "missing_lines": 5, "excluded_lines": 0}, "missing_lines": [199, 200, 201, 202, 203], "excluded_lines": []}, "charger_avatars": {"executed_lines": [], "summary": {"covered_lines": 0, "num_statements": 5, "percent_covered": 0.0, "percent_covered_display": "0", "missing_lines": 5, "excluded_lines": 0}, "missing_lines": [208, 209, 210, 211, 212], "excluded_lines": []}, "charger_defis_sociaux": {"executed_lines": [], "summary": {"covered_lines": 0, "num_statements": 5, "percent_covered": 0.0, "percent_covered_display": "0", "missing_lines": 5, "excluded_lines": 0}, "missing_lines": [217, 218, 219, 220, 221], "excluded_lines": []}, "charger_chapitre_6": {"executed_lines": [], "summary": {"covered_lines": 0, "num_statements": 5, "percent_covered": 0.0, "percent_covered_display": "0", "missing_lines": 5, "excluded_lines": 0}, "missing_lines": [226, 227, 228, 229, 230], "excluded_lines": []}, "attribuer_badge": {"executed_lines": [], "summary": {"covered_lines": 0, "num_statements": 8, "percent_covered": 0.0, "percent_covered_display": "0", "missing_lines": 8, "excluded_lines": 0}, "missing_lines": [235, 236, 237, 238, 239, 240, 241, 246], "excluded_lines": []}, "verifier_debloquage_avatar": {"executed_lines": [], "summary": {"covered_lines": 0, "num_statements": 6, "percent_covered": 0.0, "percent_covered_display": "0", "missing_lines": 6, "excluded_lines": 0}, "missing_lines": [251, 252, 253, 254, 255, 256], "excluded_lines": []}, "lancer_defi_social": {"executed_lines": [], "summary": {"covered_lines": 0, "num_statements": 5, "percent_covered": 0.0, "percent_covered_display": "0", "missing_lines": 5, "excluded_lines": 0}, "missing_lines": [261, 262, 263, 264, 271], "excluded_lines": []}, "executer_chapitre_6": {"executed_lines": [], "summary": {"covered_lines": 0, "num_statements": 13, "percent_covered": 0.0, "percent_covered_display": "0", "missing_lines": 13, "excluded_lines": 0}, "missing_lines": [276, 277, 279, 280, 288, 289, 297, 298, 299, 300, 301, 302, 309], "excluded_lines": []}, "favicon": {"executed_lines": [], "summary": {"covered_lines": 0, "num_statements": 1, "percent_covered": 0.0, "percent_covered_display": "0", "missing_lines": 1, "excluded_lines": 0}, "missing_lines": [314], "excluded_lines": []}, "index": {"executed_lines": [], "summary": {"covered_lines": 0, "num_statements": 1, "percent_covered": 0.0, "percent_covered_display": "0", "missing_lines": 1, "excluded_lines": 0}, "missing_lines": [319], "excluded_lines": []}, "tutorial": {"executed_lines": [], "summary": {"covered_lines": 0, "num_statements": 1, "percent_covered": 0.0, "percent_covered_display": "0", "missing_lines": 1, "excluded_lines": 0}, "missing_lines": [325], "excluded_lines": []}, "terminal": {"executed_lines": [], "summary": {"covered_lines": 0, "num_statements": 1, "percent_covered": 0.0, "percent_covered_display": "0", "missing_lines": 1, "excluded_lines": 0}, "missing_lines": [330], "excluded_lines": []}, "monde": {"executed_lines": [], "summary": {"covered_lines": 0, "num_statements": 2, "percent_covered": 0.0, "percent_covered_display": "0", "missing_lines": 2, "excluded_lines": 0}, "missing_lines": [335, 336], "excluded_lines": []}, "profil": {"executed_lines": [], "summary": {"covered_lines": 0, "num_statements": 2, "percent_covered": 0.0, "percent_covered_display": "0", "missing_lines": 2, "excluded_lines": 0}, "missing_lines": [341, 342], "excluded_lines": []}, "dashboard": {"executed_lines": [], "summary": {"covered_lines": 0, "num_statements": 2, "percent_covered": 0.0, "percent_covered_display": "0", "missing_lines": 2, "excluded_lines": 0}, "missing_lines": [348, 349], "excluded_lines": []}, "explorateur": {"executed_lines": [], "summary": {"covered_lines": 0, "num_statements": 2, "percent_covered": 0.0, "percent_covered_display": "0", "missing_lines": 2, "excluded_lines": 0}, "missing_lines": [355, 356], "excluded_lines": []}, "mail": {"executed_lines": [], "summary": {"covered_lines": 0, "num_statements": 2, "percent_covered": 0.0, "percent_covered_display": "0", "missing_lines": 2, "excluded_lines": 0}, "missing_lines": [362, 363], "excluded_lines": []}, "audio": {"executed_lines": [], "summary": {"covered_lines": 0, "num_statements": 2, "percent_covered": 0.0, "percent_covered_display": "0", "missing_lines": 2, "excluded_lines": 0}, "missing_lines": [369, 370], "excluded_lines": []}, "get_profil": {"executed_lines": [], "summary": {"covered_lines": 0, "num_statements": 1, "percent_covered": 0.0, "percent_covered_display": "0", "missing_lines": 1, "excluded_lines": 0}, "missing_lines": [378], "excluded_lines": []}, "get_mission": {"executed_lines": [], "summary": {"covered_lines": 0, "num_statements": 4, "percent_covered": 0.0, "percent_covered_display": "0", "missing_lines": 4, "excluded_lines": 0}, "missing_lines": [383, 384, 385, 387], "excluded_lines": []}, "commande": {"executed_lines": [], "summary": {"covered_lines": 0, "num_statements": 43, "percent_covered": 0.0, "percent_covered_display": "0", "missing_lines": 43, "excluded_lines": 0}, "missing_lines": [392, 395, 396, 410, 413, 414, 427, 430, 431, 444, 445, 459, 460, 461, 474, 477, 479, 480, 481, 482, 483, 484, 498, 499, 501, 504, 507, 512, 513, 514, 515, 516, 517, 520, 521, 522, 523, 524, 525, 527, 528, 529, 531], "excluded_lines": []}, "get_available_content": {"executed_lines": [], "summary": {"covered_lines": 0, "num_statements": 1, "percent_covered": 0.0, "percent_covered_display": "0", "missing_lines": 1, "excluded_lines": 0}, "missing_lines": [537], "excluded_lines": []}, "get_mission_via_engine": {"executed_lines": [], "summary": {"covered_lines": 0, "num_statements": 4, "percent_covered": 0.0, "percent_covered_display": "0", "missing_lines": 4, "excluded_lines": 0}, "missing_lines": [543, 544, 545, 547], "excluded_lines": []}, "get_profile_summary": {"executed_lines": [], "summary": {"covered_lines": 0, "num_statements": 7, "percent_covered": 0.0, "percent_covered_display": "0", "missing_lines": 7, "excluded_lines": 0}, "missing_lines": [553, 554, 557, 576, 577, 578, 579], "excluded_lines": []}, "luna_meme_reaction": {"executed_lines": [], "summary": {"covered_lines": 0, "num_statements": 2, "percent_covered": 0.0, "percent_covered_display": "0", "missing_lines": 2, "excluded_lines": 0}, "missing_lines": [600, 627], "excluded_lines": []}, "migrate_to_database": {"executed_lines": [], "summary": {"covered_lines": 0, "num_statements": 7, "percent_covered": 0.0, "percent_covered_display": "0", "missing_lines": 7, "excluded_lines": 0}, "missing_lines": [651, 652, 654, 655, 656, 657, 658], "excluded_lines": []}, "get_profile_from_db": {"executed_lines": [], "summary": {"covered_lines": 0, "num_statements": 9, "percent_covered": 0.0, "percent_covered_display": "0", "missing_lines": 9, "excluded_lines": 0}, "missing_lines": [664, 665, 667, 668, 669, 670, 672, 673, 674], "excluded_lines": []}, "save_profile_to_db": {"executed_lines": [], "summary": {"covered_lines": 0, "num_statements": 10, "percent_covered": 0.0, "percent_covered_display": "0", "missing_lines": 10, "excluded_lines": 0}, "missing_lines": [680, 681, 683, 684, 685, 686, 687, 689, 690, 691], "excluded_lines": []}, "get_leaderboard": {"executed_lines": [], "summary": {"covered_lines": 0, "num_statements": 8, "percent_covered": 0.0, "percent_covered_display": "0", "missing_lines": 8, "excluded_lines": 0}, "missing_lines": [697, 698, 700, 701, 702, 703, 704, 705], "excluded_lines": []}, "get_gamification_leaderboard": {"executed_lines": [], "summary": {"covered_lines": 0, "num_statements": 15, "percent_covered": 0.0, "percent_covered_display": "0", "missing_lines": 15, "excluded_lines": 0}, "missing_lines": [711, 712, 715, 716, 717, 718, 721, 731, 732, 733, 744, 745, 759, 766, 767], "excluded_lines": []}, "leaderboard_page": {"executed_lines": [], "summary": {"covered_lines": 0, "num_statements": 1, "percent_covered": 0.0, "percent_covered_display": "0", "missing_lines": 1, "excluded_lines": 0}, "missing_lines": [773], "excluded_lines": []}, "get_gamification_summary": {"executed_lines": [], "summary": {"covered_lines": 0, "num_statements": 8, "percent_covered": 0.0, "percent_covered_display": "0", "missing_lines": 8, "excluded_lines": 0}, "missing_lines": [779, 780, 781, 782, 785, 812, 813, 814], "excluded_lines": []}, "create_challenge": {"executed_lines": [], "summary": {"covered_lines": 0, "num_statements": 8, "percent_covered": 0.0, "percent_covered_display": "0", "missing_lines": 8, "excluded_lines": 0}, "missing_lines": [820, 821, 823, 824, 825, 826, 827, 828], "excluded_lines": []}, "get_challenge_info": {"executed_lines": [], "summary": {"covered_lines": 0, "num_statements": 9, "percent_covered": 0.0, "percent_covered_display": "0", "missing_lines": 9, "excluded_lines": 0}, "missing_lines": [834, 835, 837, 838, 839, 840, 842, 843, 844], "excluded_lines": []}, "join_challenge": {"executed_lines": [], "summary": {"covered_lines": 0, "num_statements": 10, "percent_covered": 0.0, "percent_covered_display": "0", "missing_lines": 10, "excluded_lines": 0}, "missing_lines": [850, 851, 853, 854, 855, 856, 858, 859, 860, 861], "excluded_lines": []}, "challenge_action": {"executed_lines": [], "summary": {"covered_lines": 0, "num_statements": 10, "percent_covered": 0.0, "percent_covered_display": "0", "missing_lines": 10, "excluded_lines": 0}, "missing_lines": [867, 868, 870, 871, 872, 873, 875, 876, 877, 878], "excluded_lines": []}, "get_luna_learning_data": {"executed_lines": [], "summary": {"covered_lines": 0, "num_statements": 9, "percent_covered": 0.0, "percent_covered_display": "0", "missing_lines": 9, "excluded_lines": 0}, "missing_lines": [884, 886, 887, 888, 889, 892, 921, 922, 923], "excluded_lines": []}, "analyze_user_action": {"executed_lines": [], "summary": {"covered_lines": 0, "num_statements": 16, "percent_covered": 0.0, "percent_covered_display": "0", "missing_lines": 16, "excluded_lines": 0}, "missing_lines": [929, 930, 931, 935, 953, 954, 955, 956, 957, 958, 959, 960, 961, 963, 964, 965], "excluded_lines": []}, "predict_user_behavior": {"executed_lines": [], "summary": {"covered_lines": 0, "num_statements": 7, "percent_covered": 0.0, "percent_covered_display": "0", "missing_lines": 7, "excluded_lines": 0}, "missing_lines": [971, 972, 973, 976, 982, 983, 984], "excluded_lines": []}, "test_database": {"executed_lines": [], "summary": {"covered_lines": 0, "num_statements": 11, "percent_covered": 0.0, "percent_covered_display": "0", "missing_lines": 11, "excluded_lines": 0}, "missing_lines": [993, 994, 998, 1000, 1008, 1009, 1010, 1011, 1019, 1020, 1021], "excluded_lines": []}, "test_websocket": {"executed_lines": [], "summary": {"covered_lines": 0, "num_statements": 9, "percent_covered": 0.0, "percent_covered_display": "0", "missing_lines": 9, "excluded_lines": 0}, "missing_lines": [1027, 1028, 1032, 1034, 1041, 1042, 1044, 1052, 1053], "excluded_lines": []}, "test_ai": {"executed_lines": [], "summary": {"covered_lines": 0, "num_statements": 5, "percent_covered": 0.0, "percent_covered_display": "0", "missing_lines": 5, "excluded_lines": 0}, "missing_lines": [1059, 1061, 1073, 1080, 1081], "excluded_lines": []}, "start_tutorial": {"executed_lines": [], "summary": {"covered_lines": 0, "num_statements": 9, "percent_covered": 0.0, "percent_covered_display": "0", "missing_lines": 9, "excluded_lines": 0}, "missing_lines": [1090, 1091, 1093, 1094, 1095, 1097, 1098, 1099, 1100], "excluded_lines": []}, "get_tutorial_step": {"executed_lines": [], "summary": {"covered_lines": 0, "num_statements": 9, "percent_covered": 0.0, "percent_covered_display": "0", "missing_lines": 9, "excluded_lines": 0}, "missing_lines": [1106, 1107, 1109, 1110, 1111, 1112, 1114, 1115, 1116], "excluded_lines": []}, "execute_tutorial_step": {"executed_lines": [], "summary": {"covered_lines": 0, "num_statements": 13, "percent_covered": 0.0, "percent_covered_display": "0", "missing_lines": 13, "excluded_lines": 0}, "missing_lines": [1122, 1123, 1125, 1126, 1127, 1128, 1129, 1131, 1132, 1134, 1135, 1136, 1137], "excluded_lines": []}, "handle_tutorial_choice": {"executed_lines": [], "summary": {"covered_lines": 0, "num_statements": 15, "percent_covered": 0.0, "percent_covered_display": "0", "missing_lines": 15, "excluded_lines": 0}, "missing_lines": [1143, 1144, 1146, 1147, 1148, 1149, 1150, 1152, 1153, 1156, 1157, 1160, 1161, 1162, 1163], "excluded_lines": []}, "complete_tutorial_step": {"executed_lines": [], "summary": {"covered_lines": 0, "num_statements": 12, "percent_covered": 0.0, "percent_covered_display": "0", "missing_lines": 12, "excluded_lines": 0}, "missing_lines": [1169, 1170, 1172, 1173, 1174, 1175, 1177, 1178, 1180, 1181, 1182, 1183], "excluded_lines": []}, "skip_tutorial": {"executed_lines": [], "summary": {"covered_lines": 0, "num_statements": 9, "percent_covered": 0.0, "percent_covered_display": "0", "missing_lines": 9, "excluded_lines": 0}, "missing_lines": [1189, 1190, 1192, 1193, 1194, 1196, 1197, 1198, 1199], "excluded_lines": []}, "restart_tutorial": {"executed_lines": [], "summary": {"covered_lines": 0, "num_statements": 9, "percent_covered": 0.0, "percent_covered_display": "0", "missing_lines": 9, "excluded_lines": 0}, "missing_lines": [1205, 1206, 1208, 1209, 1210, 1212, 1213, 1214, 1215], "excluded_lines": []}, "get_tutorial_progress": {"executed_lines": [], "summary": {"covered_lines": 0, "num_statements": 7, "percent_covered": 0.0, "percent_covered_display": "0", "missing_lines": 7, "excluded_lines": 0}, "missing_lines": [1221, 1222, 1224, 1225, 1226, 1227, 1228], "excluded_lines": []}, "get_tutorial_analytics": {"executed_lines": [], "summary": {"covered_lines": 0, "num_statements": 7, "percent_covered": 0.0, "percent_covered_display": "0", "missing_lines": 7, "excluded_lines": 0}, "missing_lines": [1234, 1235, 1237, 1238, 1239, 1240, 1241], "excluded_lines": []}, "get_tutorial_effects": {"executed_lines": [], "summary": {"covered_lines": 0, "num_statements": 7, "percent_covered": 0.0, "percent_covered_display": "0", "missing_lines": 7, "excluded_lines": 0}, "missing_lines": [1247, 1248, 1250, 1251, 1252, 1253, 1254], "excluded_lines": []}, "get_luna_dialogue": {"executed_lines": [], "summary": {"covered_lines": 0, "num_statements": 8, "percent_covered": 0.0, "percent_covered_display": "0", "missing_lines": 8, "excluded_lines": 0}, "missing_lines": [1260, 1261, 1263, 1264, 1265, 1266, 1267, 1268], "excluded_lines": []}, "get_system_status": {"executed_lines": [], "summary": {"covered_lines": 0, "num_statements": 2, "percent_covered": 0.0, "percent_covered_display": "0", "missing_lines": 2, "excluded_lines": 0}, "missing_lines": [1277, 1294], "excluded_lines": []}, "api_educational_games_list": {"executed_lines": [], "summary": {"covered_lines": 0, "num_statements": 7, "percent_covered": 0.0, "percent_covered_display": "0", "missing_lines": 7, "excluded_lines": 0}, "missing_lines": [1313, 1314, 1316, 1317, 1319, 1320, 1321], "excluded_lines": []}, "api_educational_games_start": {"executed_lines": [], "summary": {"covered_lines": 0, "num_statements": 12, "percent_covered": 0.0, "percent_covered_display": "0", "missing_lines": 12, "excluded_lines": 0}, "missing_lines": [1327, 1328, 1329, 1331, 1332, 1334, 1336, 1339, 1340, 1342, 1343, 1344], "excluded_lines": []}, "api_educational_games_submit": {"executed_lines": [], "summary": {"covered_lines": 0, "num_statements": 12, "percent_covered": 0.0, "percent_covered_display": "0", "missing_lines": 12, "excluded_lines": 0}, "missing_lines": [1350, 1351, 1352, 1353, 1355, 1356, 1365, 1367, 1368, 1378, 1387, 1388], "excluded_lines": []}, "api_educational_games_stats": {"executed_lines": [], "summary": {"covered_lines": 0, "num_statements": 5, "percent_covered": 0.0, "percent_covered_display": "0", "missing_lines": 5, "excluded_lines": 0}, "missing_lines": [1394, 1396, 1409, 1410, 1411], "excluded_lines": []}, "api_educational_games_leaderboard": {"executed_lines": [], "summary": {"covered_lines": 0, "num_statements": 5, "percent_covered": 0.0, "percent_covered_display": "0", "missing_lines": 5, "excluded_lines": 0}, "missing_lines": [1417, 1419, 1422, 1423, 1424], "excluded_lines": []}, "api_educational_games_progress": {"executed_lines": [], "summary": {"covered_lines": 0, "num_statements": 5, "percent_covered": 0.0, "percent_covered_display": "0", "missing_lines": 5, "excluded_lines": 0}, "missing_lines": [1430, 1432, 1440, 1441, 1442], "excluded_lines": []}, "track_analytics_event": {"executed_lines": [], "summary": {"covered_lines": 0, "num_statements": 19, "percent_covered": 0.0, "percent_covered_display": "0", "missing_lines": 19, "excluded_lines": 0}, "missing_lines": [1451, 1452, 1454, 1455, 1456, 1458, 1459, 1462, 1463, 1466, 1467, 1468, 1469, 1470, 1472, 1473, 1481, 1482, 1483], "excluded_lines": []}, "get_user_insights": {"executed_lines": [], "summary": {"covered_lines": 0, "num_statements": 9, "percent_covered": 0.0, "percent_covered_display": "0", "missing_lines": 9, "excluded_lines": 0}, "missing_lines": [1489, 1490, 1492, 1493, 1494, 1496, 1498, 1499, 1500], "excluded_lines": []}, "get_global_analytics": {"executed_lines": [], "summary": {"covered_lines": 0, "num_statements": 7, "percent_covered": 0.0, "percent_covered_display": "0", "missing_lines": 7, "excluded_lines": 0}, "missing_lines": [1506, 1507, 1509, 1510, 1512, 1513, 1514], "excluded_lines": []}, "export_analytics_data": {"executed_lines": [], "summary": {"covered_lines": 0, "num_statements": 11, "percent_covered": 0.0, "percent_covered_display": "0", "missing_lines": 11, "excluded_lines": 0}, "missing_lines": [1520, 1521, 1523, 1524, 1525, 1527, 1528, 1530, 1532, 1533, 1534], "excluded_lines": []}, "cleanup_analytics_data": {"executed_lines": [], "summary": {"covered_lines": 0, "num_statements": 7, "percent_covered": 0.0, "percent_covered_display": "0", "missing_lines": 7, "excluded_lines": 0}, "missing_lines": [1540, 1541, 1543, 1544, 1546, 1549, 1550], "excluded_lines": []}, "get_tutorial_steps": {"executed_lines": [], "summary": {"covered_lines": 0, "num_statements": 12, "percent_covered": 0.0, "percent_covered_display": "0", "missing_lines": 12, "excluded_lines": 0}, "missing_lines": [1557, 1558, 1560, 1561, 1563, 1564, 1565, 1567, 1568, 1571, 1600, 1601], "excluded_lines": []}, "health_check": {"executed_lines": [], "summary": {"covered_lines": 0, "num_statements": 7, "percent_covered": 0.0, "percent_covered_display": "0", "missing_lines": 7, "excluded_lines": 0}, "missing_lines": [1608, 1610, 1611, 1612, 1614, 1632, 1633], "excluded_lines": []}, "metrics": {"executed_lines": [], "summary": {"covered_lines": 0, "num_statements": 4, "percent_covered": 0.0, "percent_covered_display": "0", "missing_lines": 4, "excluded_lines": 0}, "missing_lines": [1649, 1650, 1662, 1663], "excluded_lines": []}, "": {"executed_lines": [1, 2, 3, 4, 5, 7, 9, 10, 11, 12, 13, 14, 18, 21, 22], "summary": {"covered_lines": 15, "num_statements": 176, "percent_covered": 8.522727272727273, "percent_covered_display": "9", "missing_lines": 161, "excluded_lines": 15}, "missing_lines": [23, 26, 27, 28, 29, 32, 36, 37, 53, 54, 62, 101, 159, 174, 179, 184, 197, 206, 215, 224, 233, 249, 259, 274, 312, 313, 317, 318, 322, 323, 328, 329, 333, 334, 339, 340, 345, 346, 352, 353, 359, 360, 366, 367, 376, 377, 381, 382, 390, 391, 534, 535, 540, 541, 550, 551, 597, 633, 634, 635, 636, 638, 639, 640, 641, 642, 643, 644, 645, 648, 649, 661, 662, 677, 678, 694, 695, 708, 709, 770, 771, 776, 777, 817, 818, 831, 832, 847, 848, 864, 865, 881, 882, 926, 927, 968, 969, 990, 991, 1024, 1025, 1056, 1057, 1087, 1088, 1103, 1104, 1119, 1120, 1140, 1141, 1166, 1167, 1186, 1187, 1202, 1203, 1218, 1219, 1231, 1232, 1244, 1245, 1257, 1258, 1274, 1275, 1300, 1301, 1303, 1304, 1305, 1306, 1310, 1311, 1324, 1325, 1347, 1348, 1391, 1392, 1414, 1415, 1427, 1428, 1448, 1449, 1486, 1487, 1503, 1504, 1517, 1518, 1537, 1538, 1554, 1555, 1605, 1606, 1646, 1647], "excluded_lines": [1671, 1673, 1674, 1675, 1676, 1677, 1678, 1679, 1680, 1682, 1683, 1684, 1685, 1686, 1688]}}, "classes": {"": {"executed_lines": [1, 2, 3, 4, 5, 7, 9, 10, 11, 12, 13, 14, 18, 21, 22], "summary": {"covered_lines": 15, "num_statements": 729, "percent_covered": 2.05761316872428, "percent_covered_display": "2", "missing_lines": 714, "excluded_lines": 15}, "missing_lines": [23, 26, 27, 28, 29, 32, 36, 37, 39, 40, 41, 42, 45, 48, 49, 50, 53, 54, 55, 56, 57, 58, 62, 101, 102, 103, 106, 107, 115, 116, 126, 127, 129, 130, 131, 133, 159, 160, 162, 163, 166, 167, 169, 170, 171, 174, 176, 179, 181, 184, 186, 187, 188, 189, 190, 192, 193, 194, 197, 199, 200, 201, 202, 203, 206, 208, 209, 210, 211, 212, 215, 217, 218, 219, 220, 221, 224, 226, 227, 228, 229, 230, 233, 235, 236, 237, 238, 239, 240, 241, 246, 249, 251, 252, 253, 254, 255, 256, 259, 261, 262, 263, 264, 271, 274, 276, 277, 279, 280, 288, 289, 297, 298, 299, 300, 301, 302, 309, 312, 313, 314, 317, 318, 319, 322, 323, 325, 328, 329, 330, 333, 334, 335, 336, 339, 340, 341, 342, 345, 346, 348, 349, 352, 353, 355, 356, 359, 360, 362, 363, 366, 367, 369, 370, 376, 377, 378, 381, 382, 383, 384, 385, 387, 390, 391, 392, 395, 396, 410, 413, 414, 427, 430, 431, 444, 445, 459, 460, 461, 474, 477, 479, 480, 481, 482, 483, 484, 498, 499, 501, 504, 507, 512, 513, 514, 515, 516, 517, 520, 521, 522, 523, 524, 525, 527, 528, 529, 531, 534, 535, 537, 540, 541, 543, 544, 545, 547, 550, 551, 553, 554, 557, 576, 577, 578, 579, 597, 600, 627, 633, 634, 635, 636, 638, 639, 640, 641, 642, 643, 644, 645, 648, 649, 651, 652, 654, 655, 656, 657, 658, 661, 662, 664, 665, 667, 668, 669, 670, 672, 673, 674, 677, 678, 680, 681, 683, 684, 685, 686, 687, 689, 690, 691, 694, 695, 697, 698, 700, 701, 702, 703, 704, 705, 708, 709, 711, 712, 715, 716, 717, 718, 721, 731, 732, 733, 744, 745, 759, 766, 767, 770, 771, 773, 776, 777, 779, 780, 781, 782, 785, 812, 813, 814, 817, 818, 820, 821, 823, 824, 825, 826, 827, 828, 831, 832, 834, 835, 837, 838, 839, 840, 842, 843, 844, 847, 848, 850, 851, 853, 854, 855, 856, 858, 859, 860, 861, 864, 865, 867, 868, 870, 871, 872, 873, 875, 876, 877, 878, 881, 882, 884, 886, 887, 888, 889, 892, 921, 922, 923, 926, 927, 929, 930, 931, 935, 953, 954, 955, 956, 957, 958, 959, 960, 961, 963, 964, 965, 968, 969, 971, 972, 973, 976, 982, 983, 984, 990, 991, 993, 994, 998, 1000, 1008, 1009, 1010, 1011, 1019, 1020, 1021, 1024, 1025, 1027, 1028, 1032, 1034, 1041, 1042, 1044, 1052, 1053, 1056, 1057, 1059, 1061, 1073, 1080, 1081, 1087, 1088, 1090, 1091, 1093, 1094, 1095, 1097, 1098, 1099, 1100, 1103, 1104, 1106, 1107, 1109, 1110, 1111, 1112, 1114, 1115, 1116, 1119, 1120, 1122, 1123, 1125, 1126, 1127, 1128, 1129, 1131, 1132, 1134, 1135, 1136, 1137, 1140, 1141, 1143, 1144, 1146, 1147, 1148, 1149, 1150, 1152, 1153, 1156, 1157, 1160, 1161, 1162, 1163, 1166, 1167, 1169, 1170, 1172, 1173, 1174, 1175, 1177, 1178, 1180, 1181, 1182, 1183, 1186, 1187, 1189, 1190, 1192, 1193, 1194, 1196, 1197, 1198, 1199, 1202, 1203, 1205, 1206, 1208, 1209, 1210, 1212, 1213, 1214, 1215, 1218, 1219, 1221, 1222, 1224, 1225, 1226, 1227, 1228, 1231, 1232, 1234, 1235, 1237, 1238, 1239, 1240, 1241, 1244, 1245, 1247, 1248, 1250, 1251, 1252, 1253, 1254, 1257, 1258, 1260, 1261, 1263, 1264, 1265, 1266, 1267, 1268, 1274, 1275, 1277, 1294, 1300, 1301, 1303, 1304, 1305, 1306, 1310, 1311, 1313, 1314, 1316, 1317, 1319, 1320, 1321, 1324, 1325, 1327, 1328, 1329, 1331, 1332, 1334, 1336, 1339, 1340, 1342, 1343, 1344, 1347, 1348, 1350, 1351, 1352, 1353, 1355, 1356, 1365, 1367, 1368, 1378, 1387, 1388, 1391, 1392, 1394, 1396, 1409, 1410, 1411, 1414, 1415, 1417, 1419, 1422, 1423, 1424, 1427, 1428, 1430, 1432, 1440, 1441, 1442, 1448, 1449, 1451, 1452, 1454, 1455, 1456, 1458, 1459, 1462, 1463, 1466, 1467, 1468, 1469, 1470, 1472, 1473, 1481, 1482, 1483, 1486, 1487, 1489, 1490, 1492, 1493, 1494, 1496, 1498, 1499, 1500, 1503, 1504, 1506, 1507, 1509, 1510, 1512, 1513, 1514, 1517, 1518, 1520, 1521, 1523, 1524, 1525, 1527, 1528, 1530, 1532, 1533, 1534, 1537, 1538, 1540, 1541, 1543, 1544, 1546, 1549, 1550, 1554, 1555, 1557, 1558, 1560, 1561, 1563, 1564, 1565, 1567, 1568, 1571, 1600, 1601, 1605, 1606, 1608, 1610, 1611, 1612, 1614, 1632, 1633, 1646, 1647, 1649, 1650, 1662, 1663], "excluded_lines": [1671, 1673, 1674, 1675, 1676, 1677, 1678, 1679, 1680, 1682, 1683, 1684, 1685, 1686, 1688]}}}, "arkalia_engine.py": {"executed_lines": [1, 6, 7, 8, 9, 11, 14, 15, 17, 18, 20, 28, 68, 94, 95, 97, 120, 121, 123, 157, 158, 160, 174, 189, 208, 222, 234, 246, 252], "summary": {"covered_lines": 24, "num_statements": 120, "percent_covered": 20.0, "percent_covered_display": "20", "missing_lines": 96, "excluded_lines": 0}, "missing_lines": [22, 23, 24, 26, 31, 40, 41, 42, 45, 46, 47, 48, 49, 50, 53, 55, 56, 59, 61, 62, 65, 66, 70, 99, 101, 102, 103, 104, 105, 106, 107, 109, 115, 116, 117, 125, 126, 127, 132, 133, 134, 135, 136, 137, 139, 140, 142, 152, 153, 154, 162, 163, 170, 171, 172, 176, 177, 179, 180, 181, 182, 184, 185, 186, 187, 191, 192, 204, 205, 206, 210, 211, 212, 213, 218, 219, 220, 224, 225, 226, 227, 228, 229, 230, 231, 232, 236, 237, 238, 239, 240, 241, 242, 243, 244, 248], "excluded_lines": [], "functions": {"ProfileManager.__init__": {"executed_lines": [18], "summary": {"covered_lines": 1, "num_statements": 1, "percent_covered": 100.0, "percent_covered_display": "100", "missing_lines": 0, "excluded_lines": 0}, "missing_lines": [], "excluded_lines": []}, "ProfileManager.load_main_profile": {"executed_lines": [], "summary": {"covered_lines": 0, "num_statements": 4, "percent_covered": 0.0, "percent_covered_display": "0", "missing_lines": 4, "excluded_lines": 0}, "missing_lines": [22, 23, 24, 26], "excluded_lines": []}, "ProfileManager.save_main_profile": {"executed_lines": [], "summary": {"covered_lines": 0, "num_statements": 18, "percent_covered": 0.0, "percent_covered_display": "0", "missing_lines": 18, "excluded_lines": 0}, "missing_lines": [31, 40, 41, 42, 45, 46, 47, 48, 49, 50, 53, 55, 56, 59, 61, 62, 65, 66], "excluded_lines": []}, "ProfileManager._create_default_profile": {"executed_lines": [], "summary": {"covered_lines": 0, "num_statements": 1, "percent_covered": 0.0, "percent_covered_display": "0", "missing_lines": 1, "excluded_lines": 0}, "missing_lines": [70], "excluded_lines": []}, "LunaAI.analyze_personality": {"executed_lines": [], "summary": {"covered_lines": 0, "num_statements": 12, "percent_covered": 0.0, "percent_covered_display": "0", "missing_lines": 12, "excluded_lines": 0}, "missing_lines": [99, 101, 102, 103, 104, 105, 106, 107, 109, 115, 116, 117], "excluded_lines": []}, "MissionEngine.generate_personalized_mission": {"executed_lines": [], "summary": {"covered_lines": 0, "num_statements": 15, "percent_covered": 0.0, "percent_covered_display": "0", "missing_lines": 15, "excluded_lines": 0}, "missing_lines": [125, 126, 127, 132, 133, 134, 135, 136, 137, 139, 140, 142, 152, 153, 154], "excluded_lines": []}, "ContentManager.get_available_content": {"executed_lines": [], "summary": {"covered_lines": 0, "num_statements": 5, "percent_covered": 0.0, "percent_covered_display": "0", "missing_lines": 5, "excluded_lines": 0}, "missing_lines": [162, 163, 170, 171, 172], "excluded_lines": []}, "ContentManager.get_mission_info": {"executed_lines": [], "summary": {"covered_lines": 0, "num_statements": 10, "percent_covered": 0.0, "percent_covered_display": "0", "missing_lines": 10, "excluded_lines": 0}, "missing_lines": [176, 177, 179, 180, 181, 182, 184, 185, 186, 187], "excluded_lines": []}, "ContentManager.get_profile_summary": {"executed_lines": [], "summary": {"covered_lines": 0, "num_statements": 5, "percent_covered": 0.0, "percent_covered_display": "0", "missing_lines": 5, "excluded_lines": 0}, "missing_lines": [191, 192, 204, 205, 206], "excluded_lines": []}, "ContentManager._get_available_missions": {"executed_lines": [], "summary": {"covered_lines": 0, "num_statements": 7, "percent_covered": 0.0, "percent_covered_display": "0", "missing_lines": 7, "excluded_lines": 0}, "missing_lines": [210, 211, 212, 213, 218, 219, 220], "excluded_lines": []}, "ContentManager._get_available_badges": {"executed_lines": [], "summary": {"covered_lines": 0, "num_statements": 9, "percent_covered": 0.0, "percent_covered_display": "0", "missing_lines": 9, "excluded_lines": 0}, "missing_lines": [224, 225, 226, 227, 228, 229, 230, 231, 232], "excluded_lines": []}, "ContentManager._get_available_avatars": {"executed_lines": [], "summary": {"covered_lines": 0, "num_statements": 9, "percent_covered": 0.0, "percent_covered_display": "0", "missing_lines": 9, "excluded_lines": 0}, "missing_lines": [236, 237, 238, 239, 240, 241, 242, 243, 244], "excluded_lines": []}, "ContentManager._get_available_themes": {"executed_lines": [], "summary": {"covered_lines": 0, "num_statements": 1, "percent_covered": 0.0, "percent_covered_display": "0", "missing_lines": 1, "excluded_lines": 0}, "missing_lines": [248], "excluded_lines": []}, "": {"executed_lines": [1, 6, 7, 8, 9, 11, 14, 15, 17, 20, 28, 68, 94, 95, 97, 120, 121, 123, 157, 158, 160, 174, 189, 208, 222, 234, 246, 252], "summary": {"covered_lines": 23, "num_statements": 23, "percent_covered": 100.0, "percent_covered_display": "100", "missing_lines": 0, "excluded_lines": 0}, "missing_lines": [], "excluded_lines": []}}, "classes": {"ProfileManager": {"executed_lines": [18], "summary": {"covered_lines": 1, "num_statements": 24, "percent_covered": 4.166666666666667, "percent_covered_display": "4", "missing_lines": 23, "excluded_lines": 0}, "missing_lines": [22, 23, 24, 26, 31, 40, 41, 42, 45, 46, 47, 48, 49, 50, 53, 55, 56, 59, 61, 62, 65, 66, 70], "excluded_lines": []}, "LunaAI": {"executed_lines": [], "summary": {"covered_lines": 0, "num_statements": 12, "percent_covered": 0.0, "percent_covered_display": "0", "missing_lines": 12, "excluded_lines": 0}, "missing_lines": [99, 101, 102, 103, 104, 105, 106, 107, 109, 115, 116, 117], "excluded_lines": []}, "MissionEngine": {"executed_lines": [], "summary": {"covered_lines": 0, "num_statements": 15, "percent_covered": 0.0, "percent_covered_display": "0", "missing_lines": 15, "excluded_lines": 0}, "missing_lines": [125, 126, 127, 132, 133, 134, 135, 136, 137, 139, 140, 142, 152, 153, 154], "excluded_lines": []}, "ContentManager": {"executed_lines": [], "summary": {"covered_lines": 0, "num_statements": 46, "percent_covered": 0.0, "percent_covered_display": "0", "missing_lines": 46, "excluded_lines": 0}, "missing_lines": [162, 163, 170, 171, 172, 176, 177, 179, 180, 181, 182, 184, 185, 186, 187, 191, 192, 204, 205, 206, 210, 211, 212, 213, 218, 219, 220, 224, 225, 226, 227, 228, 229, 230, 231, 232, 236, 237, 238, 239, 240, 241, 242, 243, 244, 248], "excluded_lines": []}, "": {"executed_lines": [1, 6, 7, 8, 9, 11, 14, 15, 17, 20, 28, 68, 94, 95, 97, 120, 121, 123, 157, 158, 160, 174, 189, 208, 222, 234, 246, 252], "summary": {"covered_lines": 23, "num_statements": 23, "percent_covered": 100.0, "percent_covered_display": "100", "missing_lines": 0, "excluded_lines": 0}, "missing_lines": [], "excluded_lines": []}}}, "core/__init__.py": {"executed_lines": [1, 7, 8, 9, 10, 12], "summary": {"covered_lines": 5, "num_statements": 14, "percent_covered": 35.714285714285715, "percent_covered_display": "36", "missing_lines": 9, "excluded_lines": 0}, "missing_lines": [14, 15, 18, 19, 20, 22, 23, 24, 26], "excluded_lines": [], "functions": {"": {"executed_lines": [1, 7, 8, 9, 10, 12], "summary": {"covered_lines": 5, "num_statements": 14, "percent_covered": 35.714285714285715, "percent_covered_display": "36", "missing_lines": 9, "excluded_lines": 0}, "missing_lines": [14, 15, 18, 19, 20, 22, 23, 24, 26], "excluded_lines": []}}, "classes": {"": {"executed_lines": [1, 7, 8, 9, 10, 12], "summary": {"covered_lines": 5, "num_statements": 14, "percent_covered": 35.714285714285715, "percent_covered_display": "36", "missing_lines": 9, "excluded_lines": 0}, "missing_lines": [14, 15, 18, 19, 20, 22, 23, 24, 26], "excluded_lines": []}}}, "core/analytics_engine.py": {"executed_lines": [], "summary": {"covered_lines": 0, "num_statements": 302, "percent_covered": 0.0, "percent_covered_display": "0", "missing_lines": 302, "excluded_lines": 0}, "missing_lines": [12, 13, 14, 15, 16, 17, 18, 19, 20, 23, 24, 27, 30, 31, 32, 33, 34, 35, 36, 37, 38, 39, 40, 41, 42, 43, 44, 45, 46, 47, 48, 51, 52, 55, 56, 57, 58, 59, 60, 61, 64, 65, 68, 69, 70, 71, 72, 73, 74, 75, 76, 77, 78, 79, 82, 83, 86, 87, 88, 89, 90, 91, 92, 93, 94, 97, 100, 101, 102, 103, 104, 105, 106, 109, 110, 113, 114, 115, 118, 120, 122, 123, 126, 143, 164, 182, 185, 188, 192, 194, 196, 200, 209, 211, 213, 224, 225, 228, 229, 232, 234, 235, 237, 239, 240, 252, 253, 256, 257, 258, 259, 260, 261, 262, 263, 265, 269, 277, 279, 280, 281, 282, 285, 288, 290, 294, 296, 297, 298, 299, 318, 319, 320, 322, 324, 326, 327, 342, 343, 344, 345, 348, 350, 352, 353, 354, 355, 378, 379, 380, 382, 384, 385, 386, 387, 388, 390, 391, 405, 406, 407, 409, 411, 412, 414, 415, 416, 418, 419, 436, 439, 441, 442, 444, 447, 448, 449, 450, 451, 453, 454, 456, 458, 460, 461, 463, 466, 471, 474, 477, 479, 495, 497, 498, 499, 502, 512, 515, 516, 517, 518, 520, 521, 522, 523, 524, 525, 527, 529, 530, 531, 533, 537, 540, 541, 542, 545, 546, 547, 548, 549, 550, 551, 552, 555, 556, 557, 559, 561, 563, 564, 565, 568, 571, 573, 576, 578, 581, 584, 593, 596, 597, 604, 606, 620, 621, 622, 624, 626, 627, 628, 631, 632, 639, 641, 642, 644, 649, 656, 658, 665, 667, 673, 679, 680, 681, 687, 689, 690, 691, 692, 695, 696, 697, 698, 699, 701, 703, 704, 706, 707, 710, 715, 720, 722, 726, 727, 729, 731, 732, 735, 737, 738, 740, 743, 745, 746, 748, 750, 751, 752, 756], "excluded_lines": [], "functions": {"AnalyticsEngine.__init__": {"executed_lines": [], "summary": {"covered_lines": 0, "num_statements": 12, "percent_covered": 0.0, "percent_covered_display": "0", "missing_lines": 12, "excluded_lines": 0}, "missing_lines": [101, 102, 103, 104, 105, 106, 109, 110, 113, 114, 115, 118], "excluded_lines": []}, "AnalyticsEngine._init_database": {"executed_lines": [], "summary": {"covered_lines": 0, "num_statements": 9, "percent_covered": 0.0, "percent_covered_display": "0", "missing_lines": 9, "excluded_lines": 0}, "missing_lines": [122, 123, 126, 143, 164, 182, 185, 188, 192], "excluded_lines": []}, "AnalyticsEngine._anonymize_user_id": {"executed_lines": [], "summary": {"covered_lines": 0, "num_statements": 1, "percent_covered": 0.0, "percent_covered_display": "0", "missing_lines": 1, "excluded_lines": 0}, "missing_lines": [196], "excluded_lines": []}, "AnalyticsEngine.track_event": {"executed_lines": [], "summary": {"covered_lines": 0, "num_statements": 10, "percent_covered": 0.0, "percent_covered_display": "0", "missing_lines": 10, "excluded_lines": 0}, "missing_lines": [209, 211, 213, 224, 225, 228, 229, 232, 234, 235], "excluded_lines": []}, "AnalyticsEngine._update_session_data": {"executed_lines": [], "summary": {"covered_lines": 0, "num_statements": 12, "percent_covered": 0.0, "percent_covered_display": "0", "missing_lines": 12, "excluded_lines": 0}, "missing_lines": [239, 240, 252, 253, 256, 257, 258, 259, 260, 261, 262, 263], "excluded_lines": []}, "AnalyticsEngine.start_session": {"executed_lines": [], "summary": {"covered_lines": 0, "num_statements": 1, "percent_covered": 0.0, "percent_covered_display": "0", "missing_lines": 1, "excluded_lines": 0}, "missing_lines": [269], "excluded_lines": []}, "AnalyticsEngine.end_session": {"executed_lines": [], "summary": {"covered_lines": 0, "num_statements": 7, "percent_covered": 0.0, "percent_covered_display": "0", "missing_lines": 7, "excluded_lines": 0}, "missing_lines": [279, 280, 281, 282, 285, 288, 290], "excluded_lines": []}, "AnalyticsEngine._save_session": {"executed_lines": [], "summary": {"covered_lines": 0, "num_statements": 7, "percent_covered": 0.0, "percent_covered_display": "0", "missing_lines": 7, "excluded_lines": 0}, "missing_lines": [296, 297, 298, 299, 318, 319, 320], "excluded_lines": []}, "AnalyticsEngine._update_user_profile": {"executed_lines": [], "summary": {"covered_lines": 0, "num_statements": 8, "percent_covered": 0.0, "percent_covered_display": "0", "missing_lines": 8, "excluded_lines": 0}, "missing_lines": [324, 326, 327, 342, 343, 344, 345, 348], "excluded_lines": []}, "AnalyticsEngine._save_user_profile": {"executed_lines": [], "summary": {"covered_lines": 0, "num_statements": 7, "percent_covered": 0.0, "percent_covered_display": "0", "missing_lines": 7, "excluded_lines": 0}, "missing_lines": [352, 353, 354, 355, 378, 379, 380], "excluded_lines": []}, "AnalyticsEngine._load_user_profiles": {"executed_lines": [], "summary": {"covered_lines": 0, "num_statements": 10, "percent_covered": 0.0, "percent_covered_display": "0", "missing_lines": 10, "excluded_lines": 0}, "missing_lines": [384, 385, 386, 387, 388, 390, 391, 405, 406, 407], "excluded_lines": []}, "AnalyticsEngine._flush_buffer": {"executed_lines": [], "summary": {"covered_lines": 0, "num_statements": 11, "percent_covered": 0.0, "percent_covered_display": "0", "missing_lines": 11, "excluded_lines": 0}, "missing_lines": [411, 412, 414, 415, 416, 418, 419, 436, 439, 441, 442], "excluded_lines": []}, "AnalyticsEngine._start_flush_thread": {"executed_lines": [], "summary": {"covered_lines": 0, "num_statements": 3, "percent_covered": 0.0, "percent_covered_display": "0", "missing_lines": 3, "excluded_lines": 0}, "missing_lines": [447, 453, 454], "excluded_lines": []}, "AnalyticsEngine._start_flush_thread.flush_worker": {"executed_lines": [], "summary": {"covered_lines": 0, "num_statements": 4, "percent_covered": 0.0, "percent_covered_display": "0", "missing_lines": 4, "excluded_lines": 0}, "missing_lines": [448, 449, 450, 451], "excluded_lines": []}, "AnalyticsEngine.get_user_insights": {"executed_lines": [], "summary": {"covered_lines": 0, "num_statements": 9, "percent_covered": 0.0, "percent_covered_display": "0", "missing_lines": 9, "excluded_lines": 0}, "missing_lines": [458, 460, 461, 463, 466, 471, 474, 477, 479], "excluded_lines": []}, "AnalyticsEngine._analyze_learning_style": {"executed_lines": [], "summary": {"covered_lines": 0, "num_statements": 19, "percent_covered": 0.0, "percent_covered_display": "0", "missing_lines": 19, "excluded_lines": 0}, "missing_lines": [497, 498, 499, 502, 512, 515, 516, 517, 518, 520, 521, 522, 523, 524, 525, 527, 529, 530, 531], "excluded_lines": []}, "AnalyticsEngine._generate_recommendations": {"executed_lines": [], "summary": {"covered_lines": 0, "num_statements": 16, "percent_covered": 0.0, "percent_covered_display": "0", "missing_lines": 16, "excluded_lines": 0}, "missing_lines": [537, 540, 541, 542, 545, 546, 547, 548, 549, 550, 551, 552, 555, 556, 557, 559], "excluded_lines": []}, "AnalyticsEngine.get_global_analytics": {"executed_lines": [], "summary": {"covered_lines": 0, "num_statements": 18, "percent_covered": 0.0, "percent_covered_display": "0", "missing_lines": 18, "excluded_lines": 0}, "missing_lines": [563, 564, 565, 568, 571, 573, 576, 578, 581, 584, 593, 596, 597, 604, 606, 620, 621, 622], "excluded_lines": []}, "AnalyticsEngine._calculate_engagement_metrics": {"executed_lines": [], "summary": {"covered_lines": 0, "num_statements": 18, "percent_covered": 0.0, "percent_covered_display": "0", "missing_lines": 18, "excluded_lines": 0}, "missing_lines": [626, 627, 628, 631, 632, 639, 641, 642, 644, 649, 656, 658, 665, 667, 673, 679, 680, 681], "excluded_lines": []}, "AnalyticsEngine._get_avg_engagement_score": {"executed_lines": [], "summary": {"covered_lines": 0, "num_statements": 9, "percent_covered": 0.0, "percent_covered_display": "0", "missing_lines": 9, "excluded_lines": 0}, "missing_lines": [689, 690, 691, 692, 695, 696, 697, 698, 699], "excluded_lines": []}, "AnalyticsEngine.cleanup_old_data": {"executed_lines": [], "summary": {"covered_lines": 0, "num_statements": 10, "percent_covered": 0.0, "percent_covered_display": "0", "missing_lines": 10, "excluded_lines": 0}, "missing_lines": [703, 704, 706, 707, 710, 715, 720, 722, 726, 727], "excluded_lines": []}, "AnalyticsEngine.export_data": {"executed_lines": [], "summary": {"covered_lines": 0, "num_statements": 13, "percent_covered": 0.0, "percent_covered_display": "0", "missing_lines": 13, "excluded_lines": 0}, "missing_lines": [731, 732, 735, 737, 738, 740, 743, 745, 746, 748, 750, 751, 752], "excluded_lines": []}, "": {"executed_lines": [], "summary": {"covered_lines": 0, "num_statements": 88, "percent_covered": 0.0, "percent_covered_display": "0", "missing_lines": 88, "excluded_lines": 0}, "missing_lines": [12, 13, 14, 15, 16, 17, 18, 19, 20, 23, 24, 27, 30, 31, 32, 33, 34, 35, 36, 37, 38, 39, 40, 41, 42, 43, 44, 45, 46, 47, 48, 51, 52, 55, 56, 57, 58, 59, 60, 61, 64, 65, 68, 69, 70, 71, 72, 73, 74, 75, 76, 77, 78, 79, 82, 83, 86, 87, 88, 89, 90, 91, 92, 93, 94, 97, 100, 120, 194, 200, 237, 265, 277, 294, 322, 350, 382, 409, 444, 456, 495, 533, 561, 624, 687, 701, 729, 756], "excluded_lines": []}}, "classes": {"EventType": {"executed_lines": [], "summary": {"covered_lines": 0, "num_statements": 0, "percent_covered": 100.0, "percent_covered_display": "100", "missing_lines": 0, "excluded_lines": 0}, "missing_lines": [], "excluded_lines": []}, "AnalyticsEvent": {"executed_lines": [], "summary": {"covered_lines": 0, "num_statements": 0, "percent_covered": 100.0, "percent_covered_display": "100", "missing_lines": 0, "excluded_lines": 0}, "missing_lines": [], "excluded_lines": []}, "UserProfile": {"executed_lines": [], "summary": {"covered_lines": 0, "num_statements": 0, "percent_covered": 100.0, "percent_covered_display": "100", "missing_lines": 0, "excluded_lines": 0}, "missing_lines": [], "excluded_lines": []}, "SessionData": {"executed_lines": [], "summary": {"covered_lines": 0, "num_statements": 0, "percent_covered": 100.0, "percent_covered_display": "100", "missing_lines": 0, "excluded_lines": 0}, "missing_lines": [], "excluded_lines": []}, "AnalyticsEngine": {"executed_lines": [], "summary": {"covered_lines": 0, "num_statements": 214, "percent_covered": 0.0, "percent_covered_display": "0", "missing_lines": 214, "excluded_lines": 0}, "missing_lines": [101, 102, 103, 104, 105, 106, 109, 110, 113, 114, 115, 118, 122, 123, 126, 143, 164, 182, 185, 188, 192, 196, 209, 211, 213, 224, 225, 228, 229, 232, 234, 235, 239, 240, 252, 253, 256, 257, 258, 259, 260, 261, 262, 263, 269, 279, 280, 281, 282, 285, 288, 290, 296, 297, 298, 299, 318, 319, 320, 324, 326, 327, 342, 343, 344, 345, 348, 352, 353, 354, 355, 378, 379, 380, 384, 385, 386, 387, 388, 390, 391, 405, 406, 407, 411, 412, 414, 415, 416, 418, 419, 436, 439, 441, 442, 447, 448, 449, 450, 451, 453, 454, 458, 460, 461, 463, 466, 471, 474, 477, 479, 497, 498, 499, 502, 512, 515, 516, 517, 518, 520, 521, 522, 523, 524, 525, 527, 529, 530, 531, 537, 540, 541, 542, 545, 546, 547, 548, 549, 550, 551, 552, 555, 556, 557, 559, 563, 564, 565, 568, 571, 573, 576, 578, 581, 584, 593, 596, 597, 604, 606, 620, 621, 622, 626, 627, 628, 631, 632, 639, 641, 642, 644, 649, 656, 658, 665, 667, 673, 679, 680, 681, 689, 690, 691, 692, 695, 696, 697, 698, 699, 703, 704, 706, 707, 710, 715, 720, 722, 726, 727, 731, 732, 735, 737, 738, 740, 743, 745, 746, 748, 750, 751, 752], "excluded_lines": []}, "": {"executed_lines": [], "summary": {"covered_lines": 0, "num_statements": 88, "percent_covered": 0.0, "percent_covered_display": "0", "missing_lines": 88, "excluded_lines": 0}, "missing_lines": [12, 13, 14, 15, 16, 17, 18, 19, 20, 23, 24, 27, 30, 31, 32, 33, 34, 35, 36, 37, 38, 39, 40, 41, 42, 43, 44, 45, 46, 47, 48, 51, 52, 55, 56, 57, 58, 59, 60, 61, 64, 65, 68, 69, 70, 71, 72, 73, 74, 75, 76, 77, 78, 79, 82, 83, 86, 87, 88, 89, 90, 91, 92, 93, 94, 97, 100, 120, 194, 200, 237, 265, 277, 294, 322, 350, 382, 409, 444, 456, 495, 533, 561, 624, 687, 701, 729, 756], "excluded_lines": []}}}, "core/command_handler_v2.py": {"executed_lines": [1, 6, 7, 9, 12, 13, 14, 15, 16, 17, 18, 21, 22, 24, 26, 27, 50, 54, 95, 126, 169, 177, 181], "summary": {"covered_lines": 21, "num_statements": 62, "percent_covered": 33.87096774193548, "percent_covered_display": "34", "missing_lines": 41, "excluded_lines": 0}, "missing_lines": [28, 29, 30, 31, 32, 35, 36, 37, 38, 39, 40, 41, 42, 45, 48, 52, 66, 69, 70, 73, 76, 81, 93, 99, 108, 112, 124, 137, 139, 141, 143, 146, 148, 151, 159, 161, 172, 173, 175, 179, 183], "excluded_lines": [], "functions": {"CommandHandlerV2.__init__": {"executed_lines": [26, 27], "summary": {"covered_lines": 2, "num_statements": 17, "percent_covered": 11.764705882352942, "percent_covered_display": "12", "missing_lines": 15, "excluded_lines": 0}, "missing_lines": [28, 29, 30, 31, 32, 35, 36, 37, 38, 39, 40, 41, 42, 45, 48], "excluded_lines": []}, "CommandHandlerV2.normalize_command": {"executed_lines": [], "summary": {"covered_lines": 0, "num_statements": 1, "percent_covered": 0.0, "percent_covered_display": "0", "missing_lines": 1, "excluded_lines": 0}, "missing_lines": [52], "excluded_lines": []}, "CommandHandlerV2.handle_command": {"executed_lines": [], "summary": {"covered_lines": 0, "num_statements": 7, "percent_covered": 0.0, "percent_covered_display": "0", "missing_lines": 7, "excluded_lines": 0}, "missing_lines": [66, 69, 70, 73, 76, 81, 93], "excluded_lines": []}, "CommandHandlerV2._handle_unknown_command": {"executed_lines": [], "summary": {"covered_lines": 0, "num_statements": 4, "percent_covered": 0.0, "percent_covered_display": "0", "missing_lines": 4, "excluded_lines": 0}, "missing_lines": [99, 108, 112, 124], "excluded_lines": []}, "CommandHandlerV2._process_command": {"executed_lines": [], "summary": {"covered_lines": 0, "num_statements": 9, "percent_covered": 0.0, "percent_covered_display": "0", "missing_lines": 9, "excluded_lines": 0}, "missing_lines": [137, 139, 141, 143, 146, 148, 151, 159, 161], "excluded_lines": []}, "CommandHandlerV2.format_response": {"executed_lines": [], "summary": {"covered_lines": 0, "num_statements": 3, "percent_covered": 0.0, "percent_covered_display": "0", "missing_lines": 3, "excluded_lines": 0}, "missing_lines": [172, 173, 175], "excluded_lines": []}, "CommandHandlerV2.get_available_commands": {"executed_lines": [], "summary": {"covered_lines": 0, "num_statements": 1, "percent_covered": 0.0, "percent_covered_display": "0", "missing_lines": 1, "excluded_lines": 0}, "missing_lines": [179], "excluded_lines": []}, "CommandHandlerV2.get_command_count": {"executed_lines": [], "summary": {"covered_lines": 0, "num_statements": 1, "percent_covered": 0.0, "percent_covered_display": "0", "missing_lines": 1, "excluded_lines": 0}, "missing_lines": [183], "excluded_lines": []}, "": {"executed_lines": [1, 6, 7, 9, 12, 13, 14, 15, 16, 17, 18, 21, 22, 24, 50, 54, 95, 126, 169, 177, 181], "summary": {"covered_lines": 19, "num_statements": 19, "percent_covered": 100.0, "percent_covered_display": "100", "missing_lines": 0, "excluded_lines": 0}, "missing_lines": [], "excluded_lines": []}}, "classes": {"CommandHandlerV2": {"executed_lines": [26, 27], "summary": {"covered_lines": 2, "num_statements": 43, "percent_covered": 4.651162790697675, "percent_covered_display": "5", "missing_lines": 41, "excluded_lines": 0}, "missing_lines": [28, 29, 30, 31, 32, 35, 36, 37, 38, 39, 40, 41, 42, 45, 48, 52, 66, 69, 70, 73, 76, 81, 93, 99, 108, 112, 124, 137, 139, 141, 143, 146, 148, 151, 159, 161, 172, 173, 175, 179, 183], "excluded_lines": []}, "": {"executed_lines": [1, 6, 7, 9, 12, 13, 14, 15, 16, 17, 18, 21, 22, 24, 50, 54, 95, 126, 169, 177, 181], "summary": {"covered_lines": 19, "num_statements": 19, "percent_covered": 100.0, "percent_covered_display": "100", "missing_lines": 0, "excluded_lines": 0}, "missing_lines": [], "excluded_lines": []}}}, "core/commands/__init__.py": {"executed_lines": [1, 6, 7, 8, 9, 10, 12], "summary": {"covered_lines": 6, "num_statements": 6, "percent_covered": 100.0, "percent_covered_display": "100", "missing_lines": 0, "excluded_lines": 0}, "missing_lines": [], "excluded_lines": [], "functions": {"": {"executed_lines": [1, 6, 7, 8, 9, 10, 12], "summary": {"covered_lines": 6, "num_statements": 6, "percent_covered": 100.0, "percent_covered_display": "100", "missing_lines": 0, "excluded_lines": 0}, "missing_lines": [], "excluded_lines": []}}, "classes": {"": {"executed_lines": [1, 6, 7, 8, 9, 10, 12], "summary": {"covered_lines": 6, "num_statements": 6, "percent_covered": 100.0, "percent_covered_display": "100", "missing_lines": 0, "excluded_lines": 0}, "missing_lines": [], "excluded_lines": []}}}, "core/commands/analytics_commands.py": {"executed_lines": [1, 6, 8, 11, 12, 14, 27, 91, 170, 236, 306, 361, 431, 504, 548, 559], "summary": {"covered_lines": 14, "num_statements": 249, "percent_covered": 5.622489959839357, "percent_covered_display": "6", "missing_lines": 235, "excluded_lines": 0}, "missing_lines": [15, 16, 29, 30, 31, 32, 33, 35, 36, 39, 42, 45, 46, 49, 52, 53, 54, 55, 56, 57, 60, 61, 62, 63, 64, 65, 67, 75, 82, 83, 93, 94, 95, 96, 97, 99, 100, 108, 109, 112, 113, 114, 117, 120, 123, 124, 127, 128, 131, 132, 133, 136, 137, 140, 141, 142, 143, 144, 146, 154, 161, 162, 172, 174, 175, 176, 177, 179, 180, 183, 184, 185, 188, 189, 192, 193, 194, 195, 198, 199, 202, 205, 206, 208, 209, 210, 212, 220, 227, 228, 238, 239, 240, 241, 242, 244, 245, 248, 249, 250, 251, 253, 254, 255, 256, 257, 260, 263, 264, 266, 267, 268, 269, 272, 273, 274, 275, 276, 277, 278, 279, 280, 282, 290, 297, 298, 308, 309, 310, 311, 312, 313, 315, 316, 324, 325, 327, 328, 330, 331, 332, 335, 337, 345, 352, 353, 363, 364, 365, 366, 367, 368, 370, 371, 373, 378, 386, 389, 390, 391, 392, 393, 394, 395, 396, 397, 398, 399, 400, 401, 402, 403, 404, 405, 407, 415, 422, 423, 433, 434, 435, 436, 437, 439, 440, 442, 443, 444, 445, 447, 450, 451, 452, 453, 454, 455, 459, 463, 464, 465, 466, 469, 470, 471, 472, 473, 474, 476, 477, 478, 480, 488, 495, 496, 506, 507, 508, 511, 512, 514, 515, 516, 517, 518, 519, 521, 522, 524, 532, 539, 540, 550, 557, 561, 571], "excluded_lines": [], "functions": {"AnalyticsCommands.__init__": {"executed_lines": [], "summary": {"covered_lines": 0, "num_statements": 2, "percent_covered": 0.0, "percent_covered_display": "0", "missing_lines": 2, "excluded_lines": 0}, "missing_lines": [15, 16], "excluded_lines": []}, "AnalyticsCommands.cmd_analytics": {"executed_lines": [], "summary": {"covered_lines": 0, "num_statements": 28, "percent_covered": 0.0, "percent_covered_display": "0", "missing_lines": 28, "excluded_lines": 0}, "missing_lines": [29, 30, 31, 32, 33, 35, 36, 39, 42, 45, 46, 49, 52, 53, 54, 55, 56, 57, 60, 61, 62, 63, 64, 65, 67, 75, 82, 83], "excluded_lines": []}, "AnalyticsCommands.cmd_insights": {"executed_lines": [], "summary": {"covered_lines": 0, "num_statements": 32, "percent_covered": 0.0, "percent_covered_display": "0", "missing_lines": 32, "excluded_lines": 0}, "missing_lines": [93, 94, 95, 96, 97, 99, 100, 108, 109, 112, 113, 114, 117, 120, 123, 124, 127, 128, 131, 132, 133, 136, 137, 140, 141, 142, 143, 144, 146, 154, 161, 162], "excluded_lines": []}, "AnalyticsCommands.cmd_stats": {"executed_lines": [], "summary": {"covered_lines": 0, "num_statements": 28, "percent_covered": 0.0, "percent_covered_display": "0", "missing_lines": 28, "excluded_lines": 0}, "missing_lines": [172, 174, 175, 176, 177, 179, 180, 183, 184, 185, 188, 189, 192, 193, 194, 195, 198, 199, 202, 205, 206, 208, 209, 210, 212, 220, 227, 228], "excluded_lines": []}, "AnalyticsCommands.cmd_progress": {"executed_lines": [], "summary": {"covered_lines": 0, "num_statements": 36, "percent_covered": 0.0, "percent_covered_display": "0", "missing_lines": 36, "excluded_lines": 0}, "missing_lines": [238, 239, 240, 241, 242, 244, 245, 248, 249, 250, 251, 253, 254, 255, 256, 257, 260, 263, 264, 266, 267, 268, 269, 272, 273, 274, 275, 276, 277, 278, 279, 280, 282, 290, 297, 298], "excluded_lines": []}, "AnalyticsCommands.cmd_recommendations": {"executed_lines": [], "summary": {"covered_lines": 0, "num_statements": 20, "percent_covered": 0.0, "percent_covered_display": "0", "missing_lines": 20, "excluded_lines": 0}, "missing_lines": [308, 309, 310, 311, 312, 313, 315, 316, 324, 325, 327, 328, 330, 331, 332, 335, 337, 345, 352, 353], "excluded_lines": []}, "AnalyticsCommands.cmd_learning_style": {"executed_lines": [], "summary": {"covered_lines": 0, "num_statements": 32, "percent_covered": 0.0, "percent_covered_display": "0", "missing_lines": 32, "excluded_lines": 0}, "missing_lines": [363, 364, 365, 366, 367, 368, 370, 371, 373, 378, 386, 389, 390, 391, 392, 393, 394, 395, 396, 397, 398, 399, 400, 401, 402, 403, 404, 405, 407, 415, 422, 423], "excluded_lines": []}, "AnalyticsCommands.cmd_engagement": {"executed_lines": [], "summary": {"covered_lines": 0, "num_statements": 36, "percent_covered": 0.0, "percent_covered_display": "0", "missing_lines": 36, "excluded_lines": 0}, "missing_lines": [433, 434, 435, 436, 437, 439, 440, 442, 443, 444, 445, 447, 450, 451, 452, 453, 454, 455, 459, 463, 464, 465, 466, 469, 470, 471, 472, 473, 474, 476, 477, 478, 480, 488, 495, 496], "excluded_lines": []}, "AnalyticsCommands.cmd_export_data": {"executed_lines": [], "summary": {"covered_lines": 0, "num_statements": 17, "percent_covered": 0.0, "percent_covered_display": "0", "missing_lines": 17, "excluded_lines": 0}, "missing_lines": [506, 507, 508, 511, 512, 514, 515, 516, 517, 518, 519, 521, 522, 524, 532, 539, 540], "excluded_lines": []}, "AnalyticsCommands._format_learning_style": {"executed_lines": [], "summary": {"covered_lines": 0, "num_statements": 2, "percent_covered": 0.0, "percent_covered_display": "0", "missing_lines": 2, "excluded_lines": 0}, "missing_lines": [550, 557], "excluded_lines": []}, "AnalyticsCommands._format_event_name": {"executed_lines": [], "summary": {"covered_lines": 0, "num_statements": 2, "percent_covered": 0.0, "percent_covered_display": "0", "missing_lines": 2, "excluded_lines": 0}, "missing_lines": [561, 571], "excluded_lines": []}, "": {"executed_lines": [1, 6, 8, 11, 12, 14, 27, 91, 170, 236, 306, 361, 431, 504, 548, 559], "summary": {"covered_lines": 14, "num_statements": 14, "percent_covered": 100.0, "percent_covered_display": "100", "missing_lines": 0, "excluded_lines": 0}, "missing_lines": [], "excluded_lines": []}}, "classes": {"AnalyticsCommands": {"executed_lines": [], "summary": {"covered_lines": 0, "num_statements": 235, "percent_covered": 0.0, "percent_covered_display": "0", "missing_lines": 235, "excluded_lines": 0}, "missing_lines": [15, 16, 29, 30, 31, 32, 33, 35, 36, 39, 42, 45, 46, 49, 52, 53, 54, 55, 56, 57, 60, 61, 62, 63, 64, 65, 67, 75, 82, 83, 93, 94, 95, 96, 97, 99, 100, 108, 109, 112, 113, 114, 117, 120, 123, 124, 127, 128, 131, 132, 133, 136, 137, 140, 141, 142, 143, 144, 146, 154, 161, 162, 172, 174, 175, 176, 177, 179, 180, 183, 184, 185, 188, 189, 192, 193, 194, 195, 198, 199, 202, 205, 206, 208, 209, 210, 212, 220, 227, 228, 238, 239, 240, 241, 242, 244, 245, 248, 249, 250, 251, 253, 254, 255, 256, 257, 260, 263, 264, 266, 267, 268, 269, 272, 273, 274, 275, 276, 277, 278, 279, 280, 282, 290, 297, 298, 308, 309, 310, 311, 312, 313, 315, 316, 324, 325, 327, 328, 330, 331, 332, 335, 337, 345, 352, 353, 363, 364, 365, 366, 367, 368, 370, 371, 373, 378, 386, 389, 390, 391, 392, 393, 394, 395, 396, 397, 398, 399, 400, 401, 402, 403, 404, 405, 407, 415, 422, 423, 433, 434, 435, 436, 437, 439, 440, 442, 443, 444, 445, 447, 450, 451, 452, 453, 454, 455, 459, 463, 464, 465, 466, 469, 470, 471, 472, 473, 474, 476, 477, 478, 480, 488, 495, 496, 506, 507, 508, 511, 512, 514, 515, 516, 517, 518, 519, 521, 522, 524, 532, 539, 540, 550, 557, 561, 571], "excluded_lines": []}, "": {"executed_lines": [1, 6, 8, 11, 12, 14, 27, 91, 170, 236, 306, 361, 431, 504, 548, 559], "summary": {"covered_lines": 14, "num_statements": 14, "percent_covered": 100.0, "percent_covered_display": "100", "missing_lines": 0, "excluded_lines": 0}, "missing_lines": [], "excluded_lines": []}}}, "core/commands/basic_commands.py": {"executed_lines": [1, 6, 9, 10, 12, 13, 25, 137, 164, 204, 224], "summary": {"covered_lines": 9, "num_statements": 35, "percent_covered": 25.714285714285715, "percent_covered_display": "26", "missing_lines": 26, "excluded_lines": 0}, "missing_lines": [29, 30, 33, 35, 53, 55, 99, 130, 139, 140, 146, 166, 167, 168, 169, 172, 173, 175, 206, 208, 209, 211, 226, 227, 228, 230], "excluded_lines": [], "functions": {"BasicCommands.__init__": {"executed_lines": [13], "summary": {"covered_lines": 1, "num_statements": 1, "percent_covered": 100.0, "percent_covered_display": "100", "missing_lines": 0, "excluded_lines": 0}, "missing_lines": [], "excluded_lines": []}, "BasicCommands.handle_aide": {"executed_lines": [], "summary": {"covered_lines": 0, "num_statements": 8, "percent_covered": 0.0, "percent_covered_display": "0", "missing_lines": 8, "excluded_lines": 0}, "missing_lines": [29, 30, 33, 35, 53, 55, 99, 130], "excluded_lines": []}, "BasicCommands.handle_profil": {"executed_lines": [], "summary": {"covered_lines": 0, "num_statements": 3, "percent_covered": 0.0, "percent_covered_display": "0", "missing_lines": 3, "excluded_lines": 0}, "missing_lines": [139, 140, 146], "excluded_lines": []}, "BasicCommands.handle_status": {"executed_lines": [], "summary": {"covered_lines": 0, "num_statements": 7, "percent_covered": 0.0, "percent_covered_display": "0", "missing_lines": 7, "excluded_lines": 0}, "missing_lines": [166, 167, 168, 169, 172, 173, 175], "excluded_lines": []}, "BasicCommands.handle_clear": {"executed_lines": [], "summary": {"covered_lines": 0, "num_statements": 4, "percent_covered": 0.0, "percent_covered_display": "0", "missing_lines": 4, "excluded_lines": 0}, "missing_lines": [206, 208, 209, 211], "excluded_lines": []}, "BasicCommands.handle_start_tutorial": {"executed_lines": [], "summary": {"covered_lines": 0, "num_statements": 4, "percent_covered": 0.0, "percent_covered_display": "0", "missing_lines": 4, "excluded_lines": 0}, "missing_lines": [226, 227, 228, 230], "excluded_lines": []}, "": {"executed_lines": [1, 6, 9, 10, 12, 25, 137, 164, 204, 224], "summary": {"covered_lines": 8, "num_statements": 8, "percent_covered": 100.0, "percent_covered_display": "100", "missing_lines": 0, "excluded_lines": 0}, "missing_lines": [], "excluded_lines": []}}, "classes": {"BasicCommands": {"executed_lines": [13], "summary": {"covered_lines": 1, "num_statements": 27, "percent_covered": 3.7037037037037037, "percent_covered_display": "4", "missing_lines": 26, "excluded_lines": 0}, "missing_lines": [29, 30, 33, 35, 53, 55, 99, 130, 139, 140, 146, 166, 167, 168, 169, 172, 173, 175, 206, 208, 209, 211, 226, 227, 228, 230], "excluded_lines": []}, "": {"executed_lines": [1, 6, 9, 10, 12, 25, 137, 164, 204, 224], "summary": {"covered_lines": 8, "num_statements": 8, "percent_covered": 100.0, "percent_covered_display": "100", "missing_lines": 0, "excluded_lines": 0}, "missing_lines": [], "excluded_lines": []}}}, "core/commands/easter_egg_commands.py": {"executed_lines": [1, 6, 9, 10, 12, 24, 45, 66, 87, 108, 140, 166, 197], "summary": {"covered_lines": 11, "num_statements": 41, "percent_covered": 26.829268292682926, "percent_covered_display": "27", "missing_lines": 30, "excluded_lines": 0}, "missing_lines": [13, 26, 27, 28, 30, 47, 48, 49, 51, 68, 69, 70, 72, 89, 90, 91, 93, 110, 111, 112, 114, 142, 168, 169, 170, 172, 199, 200, 201, 203], "excluded_lines": [], "functions": {"EasterEggCommands.__init__": {"executed_lines": [], "summary": {"covered_lines": 0, "num_statements": 1, "percent_covered": 0.0, "percent_covered_display": "0", "missing_lines": 1, "excluded_lines": 0}, "missing_lines": [13], "excluded_lines": []}, "EasterEggCommands.handle_easter_egg_1337": {"executed_lines": [], "summary": {"covered_lines": 0, "num_statements": 4, "percent_covered": 0.0, "percent_covered_display": "0", "missing_lines": 4, "excluded_lines": 0}, "missing_lines": [26, 27, 28, 30], "excluded_lines": []}, "EasterEggCommands.handle_boss_final": {"executed_lines": [], "summary": {"covered_lines": 0, "num_statements": 4, "percent_covered": 0.0, "percent_covered_display": "0", "missing_lines": 4, "excluded_lines": 0}, "missing_lines": [47, 48, 49, 51], "excluded_lines": []}, "EasterEggCommands.handle_meme_war": {"executed_lines": [], "summary": {"covered_lines": 0, "num_statements": 4, "percent_covered": 0.0, "percent_covered_display": "0", "missing_lines": 4, "excluded_lines": 0}, "missing_lines": [68, 69, 70, 72], "excluded_lines": []}, "EasterEggCommands.handle_nuke_world": {"executed_lines": [], "summary": {"covered_lines": 0, "num_statements": 4, "percent_covered": 0.0, "percent_covered_display": "0", "missing_lines": 4, "excluded_lines": 0}, "missing_lines": [89, 90, 91, 93], "excluded_lines": []}, "EasterEggCommands.handle_assistant_pirate": {"executed_lines": [], "summary": {"covered_lines": 0, "num_statements": 4, "percent_covered": 0.0, "percent_covered_display": "0", "missing_lines": 4, "excluded_lines": 0}, "missing_lines": [110, 111, 112, 114], "excluded_lines": []}, "EasterEggCommands.handle_generer_meme": {"executed_lines": [], "summary": {"covered_lines": 0, "num_statements": 1, "percent_covered": 0.0, "percent_covered_display": "0", "missing_lines": 1, "excluded_lines": 0}, "missing_lines": [142], "excluded_lines": []}, "EasterEggCommands.handle_decoder_message": {"executed_lines": [], "summary": {"covered_lines": 0, "num_statements": 4, "percent_covered": 0.0, "percent_covered_display": "0", "missing_lines": 4, "excluded_lines": 0}, "missing_lines": [168, 169, 170, 172], "excluded_lines": []}, "EasterEggCommands.handle_invoquer_dragon": {"executed_lines": [], "summary": {"covered_lines": 0, "num_statements": 4, "percent_covered": 0.0, "percent_covered_display": "0", "missing_lines": 4, "excluded_lines": 0}, "missing_lines": [199, 200, 201, 203], "excluded_lines": []}, "": {"executed_lines": [1, 6, 9, 10, 12, 24, 45, 66, 87, 108, 140, 166, 197], "summary": {"covered_lines": 11, "num_statements": 11, "percent_covered": 100.0, "percent_covered_display": "100", "missing_lines": 0, "excluded_lines": 0}, "missing_lines": [], "excluded_lines": []}}, "classes": {"EasterEggCommands": {"executed_lines": [], "summary": {"covered_lines": 0, "num_statements": 30, "percent_covered": 0.0, "percent_covered_display": "0", "missing_lines": 30, "excluded_lines": 0}, "missing_lines": [13, 26, 27, 28, 30, 47, 48, 49, 51, 68, 69, 70, 72, 89, 90, 91, 93, 110, 111, 112, 114, 142, 168, 169, 170, 172, 199, 200, 201, 203], "excluded_lines": []}, "": {"executed_lines": [1, 6, 9, 10, 12, 24, 45, 66, 87, 108, 140, 166, 197], "summary": {"covered_lines": 11, "num_statements": 11, "percent_covered": 100.0, "percent_covered_display": "100", "missing_lines": 0, "excluded_lines": 0}, "missing_lines": [], "excluded_lines": []}}}, "core/commands/game_commands.py": {"executed_lines": [1, 6, 8, 11, 12, 14, 15, 18, 26, 62, 88, 105, 116, 127], "summary": {"covered_lines": 12, "num_statements": 53, "percent_covered": 22.641509433962263, "percent_covered_display": "23", "missing_lines": 41, "excluded_lines": 0}, "missing_lines": [28, 29, 31, 32, 38, 39, 40, 41, 42, 43, 45, 47, 48, 49, 50, 52, 53, 54, 55, 57, 58, 60, 66, 91, 92, 93, 94, 95, 96, 97, 98, 99, 100, 101, 103, 107, 114, 118, 125, 129, 135], "excluded_lines": [], "functions": {"GameCommands.__init__": {"executed_lines": [15, 18], "summary": {"covered_lines": 2, "num_statements": 2, "percent_covered": 100.0, "percent_covered_display": "100", "missing_lines": 0, "excluded_lines": 0}, "missing_lines": [], "excluded_lines": []}, "GameCommands.handle_games": {"executed_lines": [], "summary": {"covered_lines": 0, "num_statements": 22, "percent_covered": 0.0, "percent_covered_display": "0", "missing_lines": 22, "excluded_lines": 0}, "missing_lines": [28, 29, 31, 32, 38, 39, 40, 41, 42, 43, 45, 47, 48, 49, 50, 52, 53, 54, 55, 57, 58, 60], "excluded_lines": []}, "GameCommands.handle_play_game": {"executed_lines": [], "summary": {"covered_lines": 0, "num_statements": 1, "percent_covered": 0.0, "percent_covered_display": "0", "missing_lines": 1, "excluded_lines": 0}, "missing_lines": [66], "excluded_lines": []}, "GameCommands.handle_game_stats": {"executed_lines": [], "summary": {"covered_lines": 0, "num_statements": 12, "percent_covered": 0.0, "percent_covered_display": "0", "missing_lines": 12, "excluded_lines": 0}, "missing_lines": [91, 92, 93, 94, 95, 96, 97, 98, 99, 100, 101, 103], "excluded_lines": []}, "GameCommands._get_type_emoji": {"executed_lines": [], "summary": {"covered_lines": 0, "num_statements": 2, "percent_covered": 0.0, "percent_covered_display": "0", "missing_lines": 2, "excluded_lines": 0}, "missing_lines": [107, 114], "excluded_lines": []}, "GameCommands._get_type_name": {"executed_lines": [], "summary": {"covered_lines": 0, "num_statements": 2, "percent_covered": 0.0, "percent_covered_display": "0", "missing_lines": 2, "excluded_lines": 0}, "missing_lines": [118, 125], "excluded_lines": []}, "GameCommands._get_difficulty_emoji": {"executed_lines": [], "summary": {"covered_lines": 0, "num_statements": 2, "percent_covered": 0.0, "percent_covered_display": "0", "missing_lines": 2, "excluded_lines": 0}, "missing_lines": [129, 135], "excluded_lines": []}, "": {"executed_lines": [1, 6, 8, 11, 12, 14, 26, 62, 88, 105, 116, 127], "summary": {"covered_lines": 10, "num_statements": 10, "percent_covered": 100.0, "percent_covered_display": "100", "missing_lines": 0, "excluded_lines": 0}, "missing_lines": [], "excluded_lines": []}}, "classes": {"GameCommands": {"executed_lines": [15, 18], "summary": {"covered_lines": 2, "num_statements": 43, "percent_covered": 4.651162790697675, "percent_covered_display": "5", "missing_lines": 41, "excluded_lines": 0}, "missing_lines": [28, 29, 31, 32, 38, 39, 40, 41, 42, 43, 45, 47, 48, 49, 50, 52, 53, 54, 55, 57, 58, 60, 66, 91, 92, 93, 94, 95, 96, 97, 9
[...]
, "percent_covered": 100.0, "percent_covered_display": "100", "missing_lines": 0, "excluded_lines": 0}, "missing_lines": [], "excluded_lines": []}, "WebSocketManager.handle_join_challenge": {"executed_lines": [], "summary": {"covered_lines": 0, "num_statements": 10, "percent_covered": 0.0, "percent_covered_display": "0", "missing_lines": 10, "excluded_lines": 0}, "missing_lines": [37, 38, 39, 41, 43, 44, 46, 47, 50, 60], "excluded_lines": []}, "WebSocketManager.handle_leave_challenge": {"executed_lines": [], "summary": {"covered_lines": 0, "num_statements": 7, "percent_covered": 0.0, "percent_covered_display": "0", "missing_lines": 7, "excluded_lines": 0}, "missing_lines": [71, 72, 73, 75, 79, 82, 90], "excluded_lines": []}, "WebSocketManager.handle_challenge_action": {"executed_lines": [], "summary": {"covered_lines": 0, "num_statements": 13, "percent_covered": 0.0, "percent_covered_display": "0", "missing_lines": 13, "excluded_lines": 0}, "missing_lines": [96, 97, 98, 100, 101, 104, 105, 106, 107, 108, 109, 112, 123], "excluded_lines": []}, "WebSocketManager.handle_chat_message": {"executed_lines": [], "summary": {"covered_lines": 0, "num_statements": 7, "percent_covered": 0.0, "percent_covered_display": "0", "missing_lines": 7, "excluded_lines": 0}, "missing_lines": [129, 130, 131, 133, 134, 137, 147], "excluded_lines": []}, "WebSocketManager.handle_ping": {"executed_lines": [], "summary": {"covered_lines": 0, "num_statements": 1, "percent_covered": 0.0, "percent_covered_display": "0", "missing_lines": 1, "excluded_lines": 0}, "missing_lines": [151], "excluded_lines": []}, "WebSocketManager.start_challenge": {"executed_lines": [], "summary": {"covered_lines": 0, "num_statements": 8, "percent_covered": 0.0, "percent_covered_display": "0", "missing_lines": 8, "excluded_lines": 0}, "missing_lines": [155, 156, 157, 158, 159, 162, 171, 177], "excluded_lines": []}, "WebSocketManager.complete_mission": {"executed_lines": [], "summary": {"covered_lines": 0, "num_statements": 13, "percent_covered": 0.0, "percent_covered_display": "0", "missing_lines": 13, "excluded_lines": 0}, "missing_lines": [183, 184, 187, 188, 190, 191, 193, 199, 200, 202, 203, 206, 217], "excluded_lines": []}, "WebSocketManager.handle_timeout": {"executed_lines": [], "summary": {"covered_lines": 0, "num_statements": 8, "percent_covered": 0.0, "percent_covered_display": "0", "missing_lines": 8, "excluded_lines": 0}, "missing_lines": [221, 224, 225, 227, 228, 230, 236, 242], "excluded_lines": []}, "WebSocketManager.end_challenge": {"executed_lines": [], "summary": {"covered_lines": 0, "num_statements": 10, "percent_covered": 0.0, "percent_covered_display": "0", "missing_lines": 10, "excluded_lines": 0}, "missing_lines": [246, 249, 250, 251, 252, 260, 263, 266, 273, 277], "excluded_lines": []}, "WebSocketManager.broadcast_to_room": {"executed_lines": [], "summary": {"covered_lines": 0, "num_statements": 6, "percent_covered": 0.0, "percent_covered_display": "0", "missing_lines": 6, "excluded_lines": 0}, "missing_lines": [286, 287, 288, 290, 291, 293], "excluded_lines": []}, "WebSocketManager.get_player_name": {"executed_lines": [], "summary": {"covered_lines": 0, "num_statements": 3, "percent_covered": 0.0, "percent_covered_display": "0", "missing_lines": 3, "excluded_lines": 0}, "missing_lines": [297, 298, 299], "excluded_lines": []}, "WebSocketManager.create_challenge_room": {"executed_lines": [], "summary": {"covered_lines": 0, "num_statements": 4, "percent_covered": 0.0, "percent_covered_display": "0", "missing_lines": 4, "excluded_lines": 0}, "missing_lines": [303, 304, 305, 306], "excluded_lines": []}, "WebSocketManager.get_room_info": {"executed_lines": [], "summary": {"covered_lines": 0, "num_statements": 3, "percent_covered": 0.0, "percent_covered_display": "0", "missing_lines": 3, "excluded_lines": 0}, "missing_lines": [310, 311, 317], "excluded_lines": []}, "": {"executed_lines": [1, 5, 6, 9, 10, 12, 21, 29, 33, 67, 92, 125, 149, 153, 179, 219, 244, 279, 295, 301, 308, 321], "summary": {"covered_lines": 20, "num_statements": 20, "percent_covered": 100.0, "percent_covered_display": "100", "missing_lines": 0, "excluded_lines": 0}, "missing_lines": [], "excluded_lines": []}}, "classes": {"WebSocketManager": {"executed_lines": [13, 14, 15, 16, 19, 23, 24, 25, 26, 27, 31], "summary": {"covered_lines": 11, "num_statements": 104, "percent_covered": 10.576923076923077, "percent_covered_display": "11", "missing_lines": 93, "excluded_lines": 0}, "missing_lines": [37, 38, 39, 41, 43, 44, 46, 47, 50, 60, 71, 72, 73, 75, 79, 82, 90, 96, 97, 98, 100, 101, 104, 105, 106, 107, 108, 109, 112, 123, 129, 130, 131, 133, 134, 137, 147, 151, 155, 156, 157, 158, 159, 162, 171, 177, 183, 184, 187, 188, 190, 191, 193, 199, 200, 202, 203, 206, 217, 221, 224, 225, 227, 228, 230, 236, 242, 246, 249, 250, 251, 252, 260, 263, 266, 273, 277, 286, 287, 288, 290, 291, 293, 297, 298, 299, 303, 304, 305, 306, 310, 311, 317], "excluded_lines": []}, "": {"executed_lines": [1, 5, 6, 9, 10, 12, 21, 29, 33, 67, 92, 125, 149, 153, 179, 219, 244, 279, 295, 301, 308, 321], "summary": {"covered_lines": 20, "num_statements": 20, "percent_covered": 100.0, "percent_covered_display": "100", "missing_lines": 0, "excluded_lines": 0}, "missing_lines": [], "excluded_lines": []}}}, "engines/__init__.py": {"executed_lines": [], "summary": {"covered_lines": 0, "num_statements": 3, "percent_covered": 0.0, "percent_covered_display": "0", "missing_lines": 3, "excluded_lines": 0}, "missing_lines": [5, 6, 8], "excluded_lines": [], "functions": {"": {"executed_lines": [], "summary": {"covered_lines": 0, "num_statements": 3, "percent_covered": 0.0, "percent_covered_display": "0", "missing_lines": 3, "excluded_lines": 0}, "missing_lines": [5, 6, 8], "excluded_lines": []}}, "classes": {"": {"executed_lines": [], "summary": {"covered_lines": 0, "num_statements": 3, "percent_covered": 0.0, "percent_covered_display": "0", "missing_lines": 3, "excluded_lines": 0}, "missing_lines": [5, 6, 8], "excluded_lines": []}}}, "engines/effects_engine.py": {"executed_lines": [], "summary": {"covered_lines": 0, "num_statements": 72, "percent_covered": 0.0, "percent_covered_display": "0", "missing_lines": 72, "excluded_lines": 0}, "missing_lines": [5, 6, 7, 10, 13, 14, 15, 16, 17, 20, 58, 61, 62, 64, 65, 66, 67, 68, 69, 72, 73, 74, 76, 78, 81, 82, 84, 85, 86, 87, 88, 90, 92, 95, 134, 148, 149, 152, 157, 158, 163, 165, 167, 172, 180, 181, 183, 185, 189, 190, 193, 194, 195, 196, 198, 200, 203, 204, 206, 208, 211, 269, 271, 274, 278, 281, 282, 283, 285, 289, 290, 292], "excluded_lines": [], "functions": {"EffectsEngine.__init__": {"executed_lines": [], "summary": {"covered_lines": 0, "num_statements": 5, "percent_covered": 0.0, "percent_covered_display": "0", "missing_lines": 5, "excluded_lines": 0}, "missing_lines": [14, 15, 16, 17, 20], "excluded_lines": []}, "EffectsEngine.load_ascii_arts": {"executed_lines": [], "summary": {"covered_lines": 0, "num_statements": 12, "percent_covered": 0.0, "percent_covered_display": "0", "missing_lines": 12, "excluded_lines": 0}, "missing_lines": [61, 62, 64, 65, 66, 67, 68, 69, 72, 73, 74, 76], "excluded_lines": []}, "EffectsEngine.load_sounds": {"executed_lines": [], "summary": {"covered_lines": 0, "num_statements": 8, "percent_covered": 0.0, "percent_covered_display": "0", "missing_lines": 8, "excluded_lines": 0}, "missing_lines": [81, 82, 84, 85, 86, 87, 88, 90], "excluded_lines": []}, "EffectsEngine.load_animations": {"executed_lines": [], "summary": {"covered_lines": 0, "num_statements": 1, "percent_covered": 0.0, "percent_covered_display": "0", "missing_lines": 1, "excluded_lines": 0}, "missing_lines": [95], "excluded_lines": []}, "EffectsEngine.generate_effect": {"executed_lines": [], "summary": {"covered_lines": 0, "num_statements": 7, "percent_covered": 0.0, "percent_covered_display": "0", "missing_lines": 7, "excluded_lines": 0}, "missing_lines": [148, 149, 152, 157, 158, 163, 165], "excluded_lines": []}, "EffectsEngine.personalize_effect": {"executed_lines": [], "summary": {"covered_lines": 0, "num_statements": 4, "percent_covered": 0.0, "percent_covered_display": "0", "missing_lines": 4, "excluded_lines": 0}, "missing_lines": [172, 180, 181, 183], "excluded_lines": []}, "EffectsEngine.add_random_variations": {"executed_lines": [], "summary": {"covered_lines": 0, "num_statements": 7, "percent_covered": 0.0, "percent_covered_display": "0", "missing_lines": 7, "excluded_lines": 0}, "missing_lines": [189, 190, 193, 194, 195, 196, 198], "excluded_lines": []}, "EffectsEngine.get_ascii_art": {"executed_lines": [], "summary": {"covered_lines": 0, "num_statements": 3, "percent_covered": 0.0, "percent_covered_display": "0", "missing_lines": 3, "excluded_lines": 0}, "missing_lines": [203, 204, 206], "excluded_lines": []}, "EffectsEngine.get_default_ascii": {"executed_lines": [], "summary": {"covered_lines": 0, "num_statements": 2, "percent_covered": 0.0, "percent_covered_display": "0", "missing_lines": 2, "excluded_lines": 0}, "missing_lines": [211, 269], "excluded_lines": []}, "EffectsEngine.get_animation_config": {"executed_lines": [], "summary": {"covered_lines": 0, "num_statements": 1, "percent_covered": 0.0, "percent_covered_display": "0", "missing_lines": 1, "excluded_lines": 0}, "missing_lines": [274], "excluded_lines": []}, "EffectsEngine.get_sound_path": {"executed_lines": [], "summary": {"covered_lines": 0, "num_statements": 3, "percent_covered": 0.0, "percent_covered_display": "0", "missing_lines": 3, "excluded_lines": 0}, "missing_lines": [281, 282, 283], "excluded_lines": []}, "EffectsEngine.create_custom_effect": {"executed_lines": [], "summary": {"covered_lines": 0, "num_statements": 3, "percent_covered": 0.0, "percent_covered_display": "0", "missing_lines": 3, "excluded_lines": 0}, "missing_lines": [289, 290, 292], "excluded_lines": []}, "": {"executed_lines": [], "summary": {"covered_lines": 0, "num_statements": 16, "percent_covered": 0.0, "percent_covered_display": "0", "missing_lines": 16, "excluded_lines": 0}, "missing_lines": [5, 6, 7, 10, 13, 58, 78, 92, 134, 167, 185, 200, 208, 271, 278, 285], "excluded_lines": []}}, "classes": {"EffectsEngine": {"executed_lines": [], "summary": {"covered_lines": 0, "num_statements": 56, "percent_covered": 0.0, "percent_covered_display": "0", "missing_lines": 56, "excluded_lines": 0}, "missing_lines": [14, 15, 16, 17, 20, 61, 62, 64, 65, 66, 67, 68, 69, 72, 73, 74, 76, 81, 82, 84, 85, 86, 87, 88, 90, 95, 148, 149, 152, 157, 158, 163, 165, 172, 180, 181, 183, 189, 190, 193, 194, 195, 196, 198, 203, 204, 206, 211, 269, 274, 281, 282, 283, 289, 290, 292], "excluded_lines": []}, "": {"executed_lines": [], "summary": {"covered_lines": 0, "num_statements": 16, "percent_covered": 0.0, "percent_covered_display": "0", "missing_lines": 16, "excluded_lines": 0}, "missing_lines": [5, 6, 7, 10, 13, 58, 78, 92, 134, 167, 185, 200, 208, 271, 278, 285], "excluded_lines": []}}}, "engines/luna_ai.py": {"executed_lines": [], "summary": {"covered_lines": 0, "num_statements": 109, "percent_covered": 0.0, "percent_covered_display": "0", "missing_lines": 109, "excluded_lines": 0}, "missing_lines": [6, 7, 8, 9, 12, 15, 16, 17, 18, 19, 20, 21, 24, 59, 77, 80, 83, 86, 88, 95, 100, 116, 118, 121, 123, 124, 125, 129, 130, 131, 132, 135, 136, 137, 139, 141, 144, 146, 147, 148, 149, 150, 151, 152, 153, 154, 155, 157, 159, 162, 190, 191, 192, 194, 196, 199, 205, 207, 210, 216, 218, 221, 222, 224, 230, 232, 235, 241, 243, 246, 253, 255, 259, 260, 263, 264, 265, 267, 269, 272, 280, 283, 284, 286, 289, 290, 291, 292, 293, 294, 296, 298, 301, 308, 310, 313, 323, 324, 326, 329, 330, 331, 333, 334, 335, 338, 339, 343, 345], "excluded_lines": [], "functions": {"LunaAI.__init__": {"executed_lines": [], "summary": {"covered_lines": 0, "num_statements": 7, "percent_covered": 0.0, "percent_covered_display": "0", "missing_lines": 7, "excluded_lines": 0}, "missing_lines": [16, 17, 18, 19, 20, 21, 24], "excluded_lines": []}, "LunaAI.respond": {"executed_lines": [], "summary": {"covered_lines": 0, "num_statements": 5, "percent_covered": 0.0, "percent_covered_display": "0", "missing_lines": 5, "excluded_lines": 0}, "missing_lines": [77, 80, 83, 86, 88], "excluded_lines": []}, "LunaAI.analyze_context": {"executed_lines": [], "summary": {"covered_lines": 0, "num_statements": 2, "percent_covered": 0.0, "percent_covered_display": "0", "missing_lines": 2, "excluded_lines": 0}, "missing_lines": [100, 116], "excluded_lines": []}, "LunaAI.classify_message": {"executed_lines": [], "summary": {"covered_lines": 0, "num_statements": 12, "percent_covered": 0.0, "percent_covered_display": "0", "missing_lines": 12, "excluded_lines": 0}, "missing_lines": [121, 123, 124, 125, 129, 130, 131, 132, 135, 136, 137, 139], "excluded_lines": []}, "LunaAI.generate_response": {"executed_lines": [], "summary": {"covered_lines": 0, "num_statements": 12, "percent_covered": 0.0, "percent_covered_display": "0", "missing_lines": 12, "excluded_lines": 0}, "missing_lines": [144, 146, 147, 148, 149, 150, 151, 152, 153, 154, 155, 157], "excluded_lines": []}, "LunaAI.generate_greeting": {"executed_lines": [], "summary": {"covered_lines": 0, "num_statements": 5, "percent_covered": 0.0, "percent_covered_display": "0", "missing_lines": 5, "excluded_lines": 0}, "missing_lines": [162, 190, 191, 192, 194], "excluded_lines": []}, "LunaAI.generate_help": {"executed_lines": [], "summary": {"covered_lines": 0, "num_statements": 2, "percent_covered": 0.0, "percent_covered_display": "0", "missing_lines": 2, "excluded_lines": 0}, "missing_lines": [199, 205], "excluded_lines": []}, "LunaAI.generate_mission_guidance": {"executed_lines": [], "summary": {"covered_lines": 0, "num_statements": 2, "percent_covered": 0.0, "percent_covered_display": "0", "missing_lines": 2, "excluded_lines": 0}, "missing_lines": [210, 216], "excluded_lines": []}, "LunaAI.generate_gratitude_response": {"executed_lines": [], "summary": {"covered_lines": 0, "num_statements": 4, "percent_covered": 0.0, "percent_covered_display": "0", "missing_lines": 4, "excluded_lines": 0}, "missing_lines": [221, 222, 224, 230], "excluded_lines": []}, "LunaAI.generate_identity_response": {"executed_lines": [], "summary": {"covered_lines": 0, "num_statements": 2, "percent_covered": 0.0, "percent_covered_display": "0", "missing_lines": 2, "excluded_lines": 0}, "missing_lines": [235, 241], "excluded_lines": []}, "LunaAI.generate_general_response": {"executed_lines": [], "summary": {"covered_lines": 0, "num_statements": 2, "percent_covered": 0.0, "percent_covered_display": "0", "missing_lines": 2, "excluded_lines": 0}, "missing_lines": [246, 253], "excluded_lines": []}, "LunaAI.add_emotional_effects": {"executed_lines": [], "summary": {"covered_lines": 0, "num_statements": 6, "percent_covered": 0.0, "percent_covered_display": "0", "missing_lines": 6, "excluded_lines": 0}, "missing_lines": [259, 260, 263, 264, 265, 267], "excluded_lines": []}, "LunaAI.update_conversation_history": {"executed_lines": [], "summary": {"covered_lines": 0, "num_statements": 4, "percent_covered": 0.0, "percent_covered_display": "0", "missing_lines": 4, "excluded_lines": 0}, "missing_lines": [272, 280, 283, 284], "excluded_lines": []}, "LunaAI.get_relationship_status": {"executed_lines": [], "summary": {"covered_lines": 0, "num_statements": 7, "percent_covered": 0.0, "percent_covered_display": "0", "missing_lines": 7, "excluded_lines": 0}, "missing_lines": [289, 290, 291, 292, 293, 294, 296], "excluded_lines": []}, "LunaAI.get_mood_description": {"executed_lines": [], "summary": {"covered_lines": 0, "num_statements": 2, "percent_covered": 0.0, "percent_covered_display": "0", "missing_lines": 2, "excluded_lines": 0}, "missing_lines": [301, 308], "excluded_lines": []}, "LunaAI.save_state": {"executed_lines": [], "summary": {"covered_lines": 0, "num_statements": 3, "percent_covered": 0.0, "percent_covered_display": "0", "missing_lines": 3, "excluded_lines": 0}, "missing_lines": [313, 323, 324], "excluded_lines": []}, "LunaAI.load_state": {"executed_lines": [], "summary": {"covered_lines": 0, "num_statements": 10, "percent_covered": 0.0, "percent_covered_display": "0", "missing_lines": 10, "excluded_lines": 0}, "missing_lines": [329, 330, 331, 333, 334, 335, 338, 339, 343, 345], "excluded_lines": []}, "": {"executed_lines": [], "summary": {"covered_lines": 0, "num_statements": 22, "percent_covered": 0.0, "percent_covered_display": "0", "missing_lines": 22, "excluded_lines": 0}, "missing_lines": [6, 7, 8, 9, 12, 15, 59, 95, 118, 141, 159, 196, 207, 218, 232, 243, 255, 269, 286, 298, 310, 326], "excluded_lines": []}}, "classes": {"LunaAI": {"executed_lines": [], "summary": {"covered_lines": 0, "num_statements": 87, "percent_covered": 0.0, "percent_covered_display": "0", "missing_lines": 87, "excluded_lines": 0}, "missing_lines": [16, 17, 18, 19, 20, 21, 24, 77, 80, 83, 86, 88, 100, 116, 121, 123, 124, 125, 129, 130, 131, 132, 135, 136, 137, 139, 144, 146, 147, 148, 149, 150, 151, 152, 153, 154, 155, 157, 162, 190, 191, 192, 194, 199, 205, 210, 216, 221, 222, 224, 230, 235, 241, 246, 253, 259, 260, 263, 264, 265, 267, 272, 280, 283, 284, 289, 290, 291, 292, 293, 294, 296, 301, 308, 313, 323, 324, 329, 330, 331, 333, 334, 335, 338, 339, 343, 345], "excluded_lines": []}, "": {"executed_lines": [], "summary": {"covered_lines": 0, "num_statements": 22, "percent_covered": 0.0, "percent_covered_display": "0", "missing_lines": 22, "excluded_lines": 0}, "missing_lines": [6, 7, 8, 9, 12, 15, 59, 95, 118, 141, 159, 196, 207, 218, 232, 243, 255, 269, 286, 298, 310, 326], "excluded_lines": []}}}, "scripts/test_visual_improvements.py": {"executed_lines": [2, 8, 11, 13, 14, 16, 19, 20, 21, 22, 23, 26, 50, 51, 52, 53, 54, 56, 58, 69, 71, 89, 90, 91, 92, 94, 95, 101, 102, 103, 105, 106, 108, 117, 119, 120, 121, 122, 124, 142, 143, 144, 145, 146, 150, 161, 163, 164, 165, 166, 167, 168, 169, 170, 171, 172, 174, 175, 176, 177, 178, 179, 180, 182, 183, 184, 185, 186, 187, 189, 190, 191, 192, 195], "summary": {"covered_lines": 72, "num_statements": 82, "percent_covered": 87.8048780487805, "percent_covered_display": "88", "missing_lines": 10, "excluded_lines": 2}, "missing_lines": [63, 65, 66, 111, 113, 114, 148, 155, 157, 158], "excluded_lines": [195, 196], "functions": {"test_visual_improvements": {"executed_lines": [13, 14, 16, 19, 20, 21, 22, 23, 26, 50, 51, 52, 53, 54, 56, 58, 69, 71, 89, 90, 91, 92, 94, 95, 101, 102, 103, 105, 106, 108, 117, 119, 120, 121, 122, 124, 142, 143, 144, 145, 146, 150, 161, 163, 164, 165, 166, 167, 168, 169, 170, 171, 172, 174, 175, 176, 177, 178, 179, 180, 182, 183, 184, 185, 186, 187, 189, 190, 191, 192], "summary": {"covered_lines": 70, "num_statements": 80, "percent_covered": 87.5, "percent_covered_display": "88", "missing_lines": 10, "excluded_lines": 0}, "missing_lines": [63, 65, 66, 111, 113, 114, 148, 155, 157, 158], "excluded_lines": []}, "": {"executed_lines": [2, 8, 11, 195], "summary": {"covered_lines": 2, "num_statements": 2, "percent_covered": 100.0, "percent_covered_display": "100", "missing_lines": 0, "excluded_lines": 2}, "missing_lines": [], "excluded_lines": [195, 196]}}, "classes": {"": {"executed_lines": [2, 8, 11, 13, 14, 16, 19, 20, 21, 22, 23, 26, 50, 51, 52, 53, 54, 56, 58, 69, 71, 89, 90, 91, 92, 94, 95, 101, 102, 103, 105, 106, 108, 117, 119, 120, 121, 122, 124, 142, 143, 144, 145, 146, 150, 161, 163, 164, 165, 166, 167, 168, 169, 170, 171, 172, 174, 175, 176, 177, 178, 179, 180, 182, 183, 184, 185, 186, 187, 189, 190, 191, 192, 195], "summary": {"covered_lines": 72, "num_statements": 82, "percent_covered": 87.8048780487805, "percent_covered_display": "88", "missing_lines": 10, "excluded_lines": 2}, "missing_lines": [63, 65, 66, 111, 113, 114, 148, 155, 157, 158], "excluded_lines": [195, 196]}}}}, "totals": {"covered_lines": 625, "num_statements": 3475, "percent_covered": 17.985611510791365, "percent_covered_display": "18", "missing_lines": 2850, "excluded_lines": 19}}